0 info it worked if it ends with ok
1 verbose cli [ '/usr/local/Cellar/node/7.5.0/bin/node',
1 verbose cli   '/usr/local/bin/npm',
1 verbose cli   'install',
1 verbose cli   'npm@1.4.21',
1 verbose cli   '-g' ]
2 info using npm@2.15.11
3 info using node@v4.7.2
4 verbose install initial load of /usr/local/lib/package.json
5 verbose readDependencies loading dependencies from /usr/local/lib/package.json
6 silly cache add args [ 'npm@1.4.21', null ]
7 verbose cache add spec npm@1.4.21
8 silly cache add parsed spec Result {
8 silly cache add   raw: 'npm@1.4.21',
8 silly cache add   scope: null,
8 silly cache add   name: 'npm',
8 silly cache add   rawSpec: '1.4.21',
8 silly cache add   spec: '1.4.21',
8 silly cache add   type: 'version' }
9 silly addNamed npm@1.4.21
10 verbose addNamed "1.4.21" is a plain semver version for npm
11 silly mapToRegistry name npm
12 silly mapToRegistry using default registry
13 silly mapToRegistry registry https://registry.npmjs.org/
14 silly mapToRegistry data Result {
14 silly mapToRegistry   raw: 'npm',
14 silly mapToRegistry   scope: null,
14 silly mapToRegistry   name: 'npm',
14 silly mapToRegistry   rawSpec: '',
14 silly mapToRegistry   spec: 'latest',
14 silly mapToRegistry   type: 'tag' }
15 silly mapToRegistry uri https://registry.npmjs.org/npm
16 verbose addNameVersion registry:https://registry.npmjs.org/npm not in flight; fetching
17 verbose request uri https://registry.npmjs.org/npm
18 verbose request no auth needed
19 info attempt registry request try #1 at 6:31:56 PM
20 verbose request id 0c8c80ef6d832149
21 http request GET https://registry.npmjs.org/npm
22 http 200 https://registry.npmjs.org/npm
23 verbose headers { server: 'nginx/1.10.1',
23 verbose headers   'content-type': 'application/json',
23 verbose headers   'last-modified': 'Fri, 17 Mar 2017 00:00:04 GMT',
23 verbose headers   etag: 'W/"58cb2704-5eea94"',
23 verbose headers   'content-encoding': 'gzip',
23 verbose headers   'cache-control': 'max-age=300',
23 verbose headers   'content-length': '419958',
23 verbose headers   'accept-ranges': 'bytes',
23 verbose headers   date: 'Wed, 22 Mar 2017 23:31:56 GMT',
23 verbose headers   via: '1.1 varnish',
23 verbose headers   age: '242',
23 verbose headers   connection: 'keep-alive',
23 verbose headers   'x-served-by': 'cache-dfw1840-DFW',
23 verbose headers   'x-cache': 'HIT',
23 verbose headers   'x-cache-hits': '2',
23 verbose headers   'x-timer': 'S1490225516.947899,VS0,VE0',
23 verbose headers   vary: 'Accept-Encoding' }
24 silly get cb [ 200,
24 silly get   { server: 'nginx/1.10.1',
24 silly get     'content-type': 'application/json',
24 silly get     'last-modified': 'Fri, 17 Mar 2017 00:00:04 GMT',
24 silly get     etag: 'W/"58cb2704-5eea94"',
24 silly get     'content-encoding': 'gzip',
24 silly get     'cache-control': 'max-age=300',
24 silly get     'content-length': '419958',
24 silly get     'accept-ranges': 'bytes',
24 silly get     date: 'Wed, 22 Mar 2017 23:31:56 GMT',
24 silly get     via: '1.1 varnish',
24 silly get     age: '242',
24 silly get     connection: 'keep-alive',
24 silly get     'x-served-by': 'cache-dfw1840-DFW',
24 silly get     'x-cache': 'HIT',
24 silly get     'x-cache-hits': '2',
24 silly get     'x-timer': 'S1490225516.947899,VS0,VE0',
24 silly get     vary: 'Accept-Encoding' } ]
25 verbose get saving npm to /Users/carolynremmler/.npm/registry.npmjs.org/npm/.cache.json
26 verbose correctMkdir /Users/carolynremmler/.npm correctMkdir not in flight; initializing
27 silly mapToRegistry name npm
28 silly mapToRegistry using default registry
29 silly mapToRegistry registry https://registry.npmjs.org/
30 silly mapToRegistry data Result {
30 silly mapToRegistry   raw: 'npm',
30 silly mapToRegistry   scope: null,
30 silly mapToRegistry   name: 'npm',
30 silly mapToRegistry   rawSpec: '',
30 silly mapToRegistry   spec: 'latest',
30 silly mapToRegistry   type: 'tag' }
31 silly mapToRegistry uri https://registry.npmjs.org/npm
32 verbose addRemoteTarball https://registry.npmjs.org/npm/-/npm-1.4.21.tgz not in flight; adding
33 verbose addRemoteTarball [ 'https://registry.npmjs.org/npm/-/npm-1.4.21.tgz',
33 verbose addRemoteTarball   '5081af517ec2c4cbcf82811b0873195b3d1057f9' ]
34 info retry fetch attempt 1 at 6:31:57 PM
35 info attempt registry request try #1 at 6:31:57 PM
36 http fetch GET https://registry.npmjs.org/npm/-/npm-1.4.21.tgz
37 http fetch 200 https://registry.npmjs.org/npm/-/npm-1.4.21.tgz
38 silly fetchAndShaCheck shasum 5081af517ec2c4cbcf82811b0873195b3d1057f9
39 verbose addTmpTarball /var/folders/31/blp8fwq91wn6flkslypyrckm0000gp/T/npm-6916-93a36ea8/registry.npmjs.org/npm/-/npm-1.4.21.tgz not in flight; adding
40 verbose addTmpTarball already have metadata; skipping unpack for npm@1.4.21
41 verbose correctMkdir /Users/carolynremmler/.npm correctMkdir not in flight; initializing
42 silly cache afterAdd npm@1.4.21
43 verbose afterAdd /Users/carolynremmler/.npm/npm/1.4.21/package/package.json not in flight; writing
44 verbose correctMkdir /Users/carolynremmler/.npm correctMkdir not in flight; initializing
45 verbose afterAdd /Users/carolynremmler/.npm/npm/1.4.21/package/package.json written
46 silly install resolved [ { version: '1.4.21',
46 silly install resolved     name: 'npm',
46 silly install resolved     description: 'A package manager for node',
46 silly install resolved     keywords: [ 'package manager', 'modules', 'install', 'package.json' ],
46 silly install resolved     preferGlobal: true,
46 silly install resolved     config: { publishtest: false },
46 silly install resolved     homepage: 'https://npmjs.org/doc/',
46 silly install resolved     author:
46 silly install resolved      { name: 'Isaac Z. Schlueter',
46 silly install resolved        email: 'i@izs.me',
46 silly install resolved        url: 'http://blog.izs.me' },
46 silly install resolved     repository: { type: 'git', url: 'https://github.com/npm/npm' },
46 silly install resolved     bugs:
46 silly install resolved      { url: 'http://github.com/npm/npm/issues',
46 silly install resolved        email: 'npm-@googlegroups.com' },
46 silly install resolved     directories: { doc: './doc', man: './man', lib: './lib', bin: './bin' },
46 silly install resolved     main: './lib/npm.js',
46 silly install resolved     bin: { npm: './bin/npm-cli.js' },
46 silly install resolved     dependencies:
46 silly install resolved      { abbrev: '~1.0.5',
46 silly install resolved        ansi: '~0.3.0',
46 silly install resolved        ansicolors: '~0.3.2',
46 silly install resolved        ansistyles: '~0.1.3',
46 silly install resolved        archy: '0',
46 silly install resolved        'block-stream': '0.0.7',
46 silly install resolved        'char-spinner': '~1.0.1',
46 silly install resolved        'child-process-close': '~0.1.1',
46 silly install resolved        chmodr: '~0.1.0',
46 silly install resolved        chownr: '0',
46 silly install resolved        'cmd-shim': '~1.1.1',
46 silly install resolved        columnify: '~1.1.0',
46 silly install resolved        editor: '~0.1.0',
46 silly install resolved        fstream: '~0.1.28',
46 silly install resolved        'fstream-npm': '~0.1.7',
46 silly install resolved        'github-url-from-git': '1.1.1',
46 silly install resolved        'github-url-from-username-repo': '~0.2.0',
46 silly install resolved        glob: '~4.0.3',
46 silly install resolved        'graceful-fs': '~3.0.0',
46 silly install resolved        inflight: '~1.0.1',
46 silly install resolved        ini: '~1.2.0',
46 silly install resolved        'init-package-json': '~0.1.0',
46 silly install resolved        lockfile: '~0.4.0',
46 silly install resolved        'lru-cache': '~2.5.0',
46 silly install resolved        minimatch: '~0.3.0',
46 silly install resolved        mkdirp: '~0.3.5',
46 silly install resolved        'node-gyp': '~0.13.0',
46 silly install resolved        nopt: '~3.0.1',
46 silly install resolved        'npm-cache-filename': '~1.0.1',
46 silly install resolved        'npm-install-checks': '~1.0.2',
46 silly install resolved        'npm-registry-client': '~2.0.3',
46 silly install resolved        'npm-user-validate': '~0.1.0',
46 silly install resolved        npmconf: '~1.1.4',
46 silly install resolved        npmlog: '~0.1.1',
46 silly install resolved        once: '~1.3.0',
46 silly install resolved        opener: '~1.3.0',
46 silly install resolved        osenv: '~0.1.0',
46 silly install resolved        'path-is-inside': '~1.0.0',
46 silly install resolved        read: '~1.0.4',
46 silly install resolved        'read-installed': '~2.0.5',
46 silly install resolved        'read-package-json': '~1.2.2',
46 silly install resolved        request: '~2.30.0',
46 silly install resolved        retry: '~0.6.0',
46 silly install resolved        rimraf: '~2.2.8',
46 silly install resolved        semver: '~2.3.0',
46 silly install resolved        sha: '~1.2.1',
46 silly install resolved        slide: '~1.1.5',
46 silly install resolved        'sorted-object': '~1.0.0',
46 silly install resolved        tar: '~0.1.20',
46 silly install resolved        'text-table': '~0.2.0',
46 silly install resolved        'uid-number': '0.0.5',
46 silly install resolved        which: '1' },
46 silly install resolved     bundleDependencies:
46 silly install resolved      [ 'abbrev',
46 silly install resolved        'ansi',
46 silly install resolved        'ansicolors',
46 silly install resolved        'ansistyles',
46 silly install resolved        'archy',
46 silly install resolved        'block-stream',
46 silly install resolved        'char-spinner',
46 silly install resolved        'child-process-close',
46 silly install resolved        'chmodr',
46 silly install resolved        'chownr',
46 silly install resolved        'cmd-shim',
46 silly install resolved        'columnify',
46 silly install resolved        'editor',
46 silly install resolved        'fstream',
46 silly install resolved        'fstream-npm',
46 silly install resolved        'github-url-from-git',
46 silly install resolved        'github-url-from-username-repo',
46 silly install resolved        'glob',
46 silly install resolved        'graceful-fs',
46 silly install resolved        'inflight',
46 silly install resolved        'inherits',
46 silly install resolved        'ini',
46 silly install resolved        'init-package-json',
46 silly install resolved        'lockfile',
46 silly install resolved        'lru-cache',
46 silly install resolved        'minimatch',
46 silly install resolved        'mkdirp',
46 silly install resolved        'node-gyp',
46 silly install resolved        'nopt',
46 silly install resolved        'npm-cache-filename',
46 silly install resolved        'npm-install-checks',
46 silly install resolved        'npm-registry-client',
46 silly install resolved        'npm-user-validate',
46 silly install resolved        'npmconf',
46 silly install resolved        'npmlog',
46 silly install resolved        'once',
46 silly install resolved        'opener',
46 silly install resolved        'osenv',
46 silly install resolved        'path-is-inside',
46 silly install resolved        'read',
46 silly install resolved        'read-installed',
46 silly install resolved        'read-package-json',
46 silly install resolved        'request',
46 silly install resolved        'retry',
46 silly install resolved        'rimraf',
46 silly install resolved        'semver',
46 silly install resolved        'sha',
46 silly install resolved        'slide',
46 silly install resolved        'sorted-object',
46 silly install resolved        'tar',
46 silly install resolved        'text-table',
46 silly install resolved        'uid-number',
46 silly install resolved        'which' ],
46 silly install resolved     devDependencies:
46 silly install resolved      { marked: '~0.3.2',
46 silly install resolved        'npm-registry-couchapp': '~2.3.6',
46 silly install resolved        'npm-registry-mock': '~0.6.3',
46 silly install resolved        ronn: '~0.3.6',
46 silly install resolved        tap: '~0.4.9' },
46 silly install resolved     engines: { node: '>=0.8', npm: '1' },
46 silly install resolved     scripts:
46 silly install resolved      { 'test-legacy': 'node ./test/run.js',
46 silly install resolved        test: 'tap --timeout 120 test/tap/*.js',
46 silly install resolved        tap: 'tap --timeout 120 test/tap/*.js',
46 silly install resolved        'test-all': 'node ./test/run.js && tap test/tap/*.js',
46 silly install resolved        prepublish: 'node bin/npm-cli.js prune --prefix=. --no-global && rm -rf test/*/*/node_modules && make -j8 doc',
46 silly install resolved        dumpconf: 'env | grep npm | sort | uniq' },
46 silly install resolved     license: 'Artistic-2.0',
46 silly install resolved     contributors:
46 silly install resolved      [ [Object],
46 silly install resolved        [Object],
46 silly install resolved        [Object],
46 silly install resolved        [Object],
46 silly install resolved        [Object],
46 silly install resolved        [Object],
46 silly install resolved        [Object],
46 silly install resolved        [Object],
46 silly install resolved        [Object],
46 silly install resolved        [Object],
46 silly install resolved        [Object],
46 silly install resolved        [Object],
46 silly install resolved        [Object],
46 silly install resolved        [Object],
46 silly install resolved        [Object],
46 silly install resolved        [Object],
46 silly install resolved        [Object],
46 silly install resolved        [Object],
46 silly install resolved        [Object],
46 silly install resolved        [Object],
46 silly install resolved        [Object],
46 silly install resolved        [Object],
46 silly install resolved        [Object],
46 silly install resolved        [Object],
46 silly install resolved        [Object],
46 silly install resolved        [Object],
46 silly install resolved        [Object],
46 silly install resolved        [Object],
46 silly install resolved        [Object],
46 silly install resolved        [Object],
46 silly install resolved        [Object],
46 silly install resolved        [Object],
46 silly install resolved        [Object],
46 silly install resolved        [Object],
46 silly install resolved        [Object],
46 silly install resolved        [Object],
46 silly install resolved        [Object],
46 silly install resolved        [Object],
46 silly install resolved        [Object],
46 silly install resolved        [Object],
46 silly install resolved        [Object],
46 silly install resolved        [Object],
46 silly install resolved        [Object],
46 silly install resolved        [Object],
46 silly install resolved        [Object],
46 silly install resolved        [Object],
46 silly install resolved        [Object],
46 silly install resolved        [Object],
46 silly install resolved        [Object],
46 silly install resolved        [Object],
46 silly install resolved        [Object],
46 silly install resolved        [Object],
46 silly install resolved        [Object],
46 silly install resolved        [Object],
46 silly install resolved        [Object],
46 silly install resolved        [Object],
46 silly install resolved        [Object],
46 silly install resolved        [Object],
46 silly install resolved        [Object],
46 silly install resolved        [Object],
46 silly install resolved        [Object],
46 silly install resolved        [Object],
46 silly install resolved        [Object],
46 silly install resolved        [Object],
46 silly install resolved        [Object],
46 silly install resolved        [Object],
46 silly install resolved        [Object],
46 silly install resolved        [Object],
46 silly install resolved        [Object],
46 silly install resolved        [Object],
46 silly install resolved        [Object],
46 silly install resolved        [Object],
46 silly install resolved        [Object],
46 silly install resolved        [Object],
46 silly install resolved        [Object],
46 silly install resolved        [Object],
46 silly install resolved        [Object],
46 silly install resolved        [Object],
46 silly install resolved        [Object],
46 silly install resolved        [Object],
46 silly install resolved        [Object],
46 silly install resolved        [Object],
46 silly install resolved        [Object],
46 silly install resolved        [Object],
46 silly install resolved        [Object],
46 silly install resolved        [Object],
46 silly install resolved        [Object],
46 silly install resolved        [Object],
46 silly install resolved        [Object],
46 silly install resolved        [Object],
46 silly install resolved        [Object],
46 silly install resolved        [Object],
46 silly install resolved        [Object],
46 silly install resolved        [Object],
46 silly install resolved        [Object],
46 silly install resolved        [Object],
46 silly install resolved        [Object],
46 silly install resolved        [Object],
46 silly install resolved        [Object],
46 silly install resolved        [Object],
46 silly install resolved        [Object],
46 silly install resolved        [Object],
46 silly install resolved        [Object],
46 silly install resolved        [Object],
46 silly install resolved        [Object],
46 silly install resolved        [Object],
46 silly install resolved        [Object],
46 silly install resolved        [Object],
46 silly install resolved        [Object],
46 silly install resolved        [Object],
46 silly install resolved        [Object],
46 silly install resolved        [Object],
46 silly install resolved        [Object],
46 silly install resolved        [Object],
46 silly install resolved        [Object],
46 silly install resolved        [Object],
46 silly install resolved        [Object],
46 silly install resolved        [Object],
46 silly install resolved        [Object],
46 silly install resolved        [Object],
46 silly install resolved        [Object],
46 silly install resolved        [Object],
46 silly install resolved        [Object],
46 silly install resolved        [Object],
46 silly install resolved        [Object],
46 silly install resolved        [Object],
46 silly install resolved        [Object],
46 silly install resolved        [Object],
46 silly install resolved        [Object],
46 silly install resolved        [Object],
46 silly install resolved        [Object],
46 silly install resolved        [Object],
46 silly install resolved        [Object],
46 silly install resolved        [Object],
46 silly install resolved        [Object],
46 silly install resolved        [Object],
46 silly install resolved        [Object],
46 silly install resolved        [Object],
46 silly install resolved        [Object],
46 silly install resolved        [Object],
46 silly install resolved        [Object],
46 silly install resolved        [Object],
46 silly install resolved        [Object],
46 silly install resolved        [Object],
46 silly install resolved        [Object],
46 silly install resolved        [Object],
46 silly install resolved        [Object],
46 silly install resolved        [Object],
46 silly install resolved        [Object],
46 silly install resolved        [Object],
46 silly install resolved        [Object],
46 silly install resolved        [Object],
46 silly install resolved        [Object],
46 silly install resolved        [Object],
46 silly install resolved        [Object],
46 silly install resolved        [Object],
46 silly install resolved        [Object] ],
46 silly install resolved     man:
46 silly install resolved      [ '/Users/ogd/Documents/projects/npm/npm/man/man1/npm-README.1',
46 silly install resolved        '/Users/ogd/Documents/projects/npm/npm/man/man1/npm-adduser.1',
46 silly install resolved        '/Users/ogd/Documents/projects/npm/npm/man/man1/npm-bin.1',
46 silly install resolved        '/Users/ogd/Documents/projects/npm/npm/man/man1/npm-bugs.1',
46 silly install resolved        '/Users/ogd/Documents/projects/npm/npm/man/man1/npm-build.1',
46 silly install resolved        '/Users/ogd/Documents/projects/npm/npm/man/man1/npm-bundle.1',
46 silly install resolved        '/Users/ogd/Documents/projects/npm/npm/man/man1/npm-cache.1',
46 silly install resolved        '/Users/ogd/Documents/projects/npm/npm/man/man1/npm-completion.1',
46 silly install resolved        '/Users/ogd/Documents/projects/npm/npm/man/man1/npm-config.1',
46 silly install resolved        '/Users/ogd/Documents/projects/npm/npm/man/man1/npm-dedupe.1',
46 silly install resolved        '/Users/ogd/Documents/projects/npm/npm/man/man1/npm-deprecate.1',
46 silly install resolved        '/Users/ogd/Documents/projects/npm/npm/man/man1/npm-docs.1',
46 silly install resolved        '/Users/ogd/Documents/projects/npm/npm/man/man1/npm-edit.1',
46 silly install resolved        '/Users/ogd/Documents/projects/npm/npm/man/man1/npm-explore.1',
46 silly install resolved        '/Users/ogd/Documents/projects/npm/npm/man/man1/npm-help-search.1',
46 silly install resolved        '/Users/ogd/Documents/projects/npm/npm/man/man1/npm-help.1',
46 silly install resolved        '/Users/ogd/Documents/projects/npm/npm/man/man1/npm-init.1',
46 silly install resolved        '/Users/ogd/Documents/projects/npm/npm/man/man1/npm-install.1',
46 silly install resolved        '/Users/ogd/Documents/projects/npm/npm/man/man1/npm-link.1',
46 silly install resolved        '/Users/ogd/Documents/projects/npm/npm/man/man1/npm-ls.1',
46 silly install resolved        '/Users/ogd/Documents/projects/npm/npm/man/man1/npm-outdated.1',
46 silly install resolved        '/Users/ogd/Documents/projects/npm/npm/man/man1/npm-owner.1',
46 silly install resolved        '/Users/ogd/Documents/projects/npm/npm/man/man1/npm-pack.1',
46 silly install resolved        '/Users/ogd/Documents/projects/npm/npm/man/man1/npm-prefix.1',
46 silly install resolved        '/Users/ogd/Documents/projects/npm/npm/man/man1/npm-prune.1',
46 silly install resolved        '/Users/ogd/Documents/projects/npm/npm/man/man1/npm-publish.1',
46 silly install resolved        '/Users/ogd/Documents/projects/npm/npm/man/man1/npm-rebuild.1',
46 silly install resolved        '/Users/ogd/Documents/projects/npm/npm/man/man1/npm-repo.1',
46 silly install resolved        '/Users/ogd/Documents/projects/npm/npm/man/man1/npm-restart.1',
46 silly install resolved        '/Users/ogd/Documents/projects/npm/npm/man/man1/npm-rm.1',
46 silly install resolved        '/Users/ogd/Documents/projects/npm/npm/man/man1/npm-root.1',
46 silly install resolved        '/Users/ogd/Documents/projects/npm/npm/man/man1/npm-run-script.1',
46 silly install resolved        '/Users/ogd/Documents/projects/npm/npm/man/man1/npm-search.1',
46 silly install resolved        '/Users/ogd/Documents/projects/npm/npm/man/man1/npm-shrinkwrap.1',
46 silly install resolved        '/Users/ogd/Documents/projects/npm/npm/man/man1/npm-star.1',
46 silly install resolved        '/Users/ogd/Documents/projects/npm/npm/man/man1/npm-stars.1',
46 silly install resolved        '/Users/ogd/Documents/projects/npm/npm/man/man1/npm-start.1',
46 silly install resolved        '/Users/ogd/Documents/projects/npm/npm/man/man1/npm-stop.1',
46 silly install resolved        '/Users/ogd/Documents/projects/npm/npm/man/man1/npm-submodule.1',
46 silly install resolved        '/Users/ogd/Documents/projects/npm/npm/man/man1/npm-tag.1',
46 silly install resolved        '/Users/ogd/Documents/projects/npm/npm/man/man1/npm-test.1',
46 silly install resolved        '/Users/ogd/Documents/projects/npm/npm/man/man1/npm-uninstall.1',
46 silly install resolved        '/Users/ogd/Documents/projects/npm/npm/man/man1/npm-unpublish.1',
46 silly install resolved        '/Users/ogd/Documents/projects/npm/npm/man/man1/npm-update.1',
46 silly install resolved        '/Users/ogd/Documents/projects/npm/npm/man/man1/npm-version.1',
46 silly install resolved        '/Users/ogd/Documents/projects/npm/npm/man/man1/npm-view.1',
46 silly install resolved        '/Users/ogd/Documents/projects/npm/npm/man/man1/npm-whoami.1',
46 silly install resolved        '/Users/ogd/Documents/projects/npm/npm/man/man1/npm.1',
46 silly install resolved        '/Users/ogd/Documents/projects/npm/npm/man/man3/npm-bin.3',
46 silly install resolved        '/Users/ogd/Documents/projects/npm/npm/man/man3/npm-bugs.3',
46 silly install resolved        '/Users/ogd/Documents/projects/npm/npm/man/man3/npm-cache.3',
46 silly install resolved        '/Users/ogd/Documents/projects/npm/npm/man/man3/npm-commands.3',
46 silly install resolved        '/Users/ogd/Documents/projects/npm/npm/man/man3/npm-config.3',
46 silly install resolved        '/Users/ogd/Documents/projects/npm/npm/man/man3/npm-deprecate.3',
46 silly install resolved        '/Users/ogd/Documents/projects/npm/npm/man/man3/npm-docs.3',
46 silly install resolved        '/Users/ogd/Documents/projects/npm/npm/man/man3/npm-edit.3',
46 silly install resolved        '/Users/ogd/Documents/projects/npm/npm/man/man3/npm-explore.3',
46 silly install resolved        '/Users/ogd/Documents/projects/npm/npm/man/man3/npm-help-search.3',
46 silly install resolved        '/Users/ogd/Documents/projects/npm/npm/man/man3/npm-init.3',
46 silly install resolved        '/Users/ogd/Documents/projects/npm/npm/man/man3/npm-install.3',
46 silly install resolved        '/Users/ogd/Documents/projects/npm/npm/man/man3/npm-link.3',
46 silly install resolved        '/Users/ogd/Documents/projects/npm/npm/man/man3/npm-load.3',
46 silly install resolved        '/Users/ogd/Documents/projects/npm/npm/man/man3/npm-ls.3',
46 silly install resolved        '/Users/ogd/Documents/projects/npm/npm/man/man3/npm-outdated.3',
46 silly install resolved        '/Users/ogd/Documents/projects/npm/npm/man/man3/npm-owner.3',
46 silly install resolved        '/Users/ogd/Documents/projects/npm/npm/man/man3/npm-pack.3',
46 silly install resolved        '/Users/ogd/Documents/projects/npm/npm/man/man3/npm-prefix.3',
46 silly install resolved        '/Users/ogd/Documents/projects/npm/npm/man/man3/npm-prune.3',
46 silly install resolved        '/Users/ogd/Documents/projects/npm/npm/man/man3/npm-publish.3',
46 silly install resolved        '/Users/ogd/Documents/projects/npm/npm/man/man3/npm-rebuild.3',
46 silly install resolved        '/Users/ogd/Documents/projects/npm/npm/man/man3/npm-repo.3',
46 silly install resolved        '/Users/ogd/Documents/projects/npm/npm/man/man3/npm-restart.3',
46 silly install resolved        '/Users/ogd/Documents/projects/npm/npm/man/man3/npm-root.3',
46 silly install resolved        '/Users/ogd/Documents/projects/npm/npm/man/man3/npm-run-script.3',
46 silly install resolved        '/Users/ogd/Documents/projects/npm/npm/man/man3/npm-search.3',
46 silly install resolved        '/Users/ogd/Documents/projects/npm/npm/man/man3/npm-shrinkwrap.3',
46 silly install resolved        '/Users/ogd/Documents/projects/npm/npm/man/man3/npm-start.3',
46 silly install resolved        '/Users/ogd/Documents/projects/npm/npm/man/man3/npm-stop.3',
46 silly install resolved        '/Users/ogd/Documents/projects/npm/npm/man/man3/npm-submodule.3',
46 silly install resolved        '/Users/ogd/Documents/projects/npm/npm/man/man3/npm-tag.3',
46 silly install resolved        '/Users/ogd/Documents/projects/npm/npm/man/man3/npm-test.3',
46 silly install resolved        '/Users/ogd/Documents/projects/npm/npm/man/man3/npm-uninstall.3',
46 silly install resolved        '/Users/ogd/Documents/projects/npm/npm/man/man3/npm-unpublish.3',
46 silly install resolved        '/Users/ogd/Documents/projects/npm/npm/man/man3/npm-update.3',
46 silly install resolved        '/Users/ogd/Documents/projects/npm/npm/man/man3/npm-version.3',
46 silly install resolved        '/Users/ogd/Documents/projects/npm/npm/man/man3/npm-view.3',
46 silly install resolved        '/Users/ogd/Documents/projects/npm/npm/man/man3/npm-whoami.3',
46 silly install resolved        '/Users/ogd/Documents/projects/npm/npm/man/man3/npm.3',
46 silly install resolved        '/Users/ogd/Documents/projects/npm/npm/man/man5/npm-folders.5',
46 silly install resolved        '/Users/ogd/Documents/projects/npm/npm/man/man5/npm-global.5',
46 silly install resolved        '/Users/ogd/Documents/projects/npm/npm/man/man5/npm-json.5',
46 silly install resolved        '/Users/ogd/Documents/projects/npm/npm/man/man5/npmrc.5',
46 silly install resolved        '/Users/ogd/Documents/projects/npm/npm/man/man5/package.json.5',
46 silly install resolved        '/Users/ogd/Documents/projects/npm/npm/man/man7/npm-coding-style.7',
46 silly install resolved        '/Users/ogd/Documents/projects/npm/npm/man/man7/npm-config.7',
46 silly install resolved        '/Users/ogd/Documents/projects/npm/npm/man/man7/npm-developers.7',
46 silly install resolved        '/Users/ogd/Documents/projects/npm/npm/man/man7/npm-disputes.7',
46 silly install resolved        '/Users/ogd/Documents/projects/npm/npm/man/man7/npm-faq.7',
46 silly install resolved        '/Users/ogd/Documents/projects/npm/npm/man/man7/npm-index.7',
46 silly install resolved        '/Users/ogd/Documents/projects/npm/npm/man/man7/npm-registry.7',
46 silly install resolved        '/Users/ogd/Documents/projects/npm/npm/man/man7/npm-scripts.7',
46 silly install resolved        '/Users/ogd/Documents/projects/npm/npm/man/man7/removing-npm.7',
46 silly install resolved        '/Users/ogd/Documents/projects/npm/npm/man/man7/semver.7' ],
46 silly install resolved     gitHead: 'f53669562d73d96a116706cba5d6978dce9a6aba',
46 silly install resolved     _id: 'npm@1.4.21',
46 silly install resolved     _shasum: '5081af517ec2c4cbcf82811b0873195b3d1057f9',
46 silly install resolved     _from: 'npm@1.4.21',
46 silly install resolved     _npmVersion: '1.5.0-alpha-1',
46 silly install resolved     _npmUser: { name: 'othiym23', email: 'ogd@aoaioxxysz.net' },
46 silly install resolved     maintainers: [ [Object], [Object] ],
46 silly install resolved     dist:
46 silly install resolved      { shasum: '5081af517ec2c4cbcf82811b0873195b3d1057f9',
46 silly install resolved        tarball: 'https://registry.npmjs.org/npm/-/npm-1.4.21.tgz' },
46 silly install resolved     _resolved: 'https://registry.npmjs.org/npm/-/npm-1.4.21.tgz' } ]
47 info install npm@1.4.21 into /usr/local/lib
48 info installOne npm@1.4.21
49 verbose installOne of npm to /usr/local/lib not in flight; installing
50 verbose correctMkdir /Users/carolynremmler/.npm/_locks correctMkdir not in flight; initializing
51 verbose makeDirectory /Users/carolynremmler/.npm/_locks creation not in flight; initializing
52 silly makeDirectory /Users/carolynremmler/.npm/_locks uid: 502 gid: 20
53 verbose lock using /Users/carolynremmler/.npm/_locks/npm-8bd9e7c51388758c.lock for /usr/local/lib/node_modules/npm
54 warn engine npm@1.4.21: wanted: {"node":">=0.8","npm":"1"} (current: {"node":"4.7.2","npm":"2.15.11"})
55 silly install write writing npm 1.4.21 to /usr/local/lib/node_modules/npm
56 verbose unbuild lib/node_modules/npm
57 info preuninstall npm@2.15.11
58 info uninstall npm@2.15.11
59 verbose unbuild rmStuff npm@2.15.11 from /usr/local/lib/node_modules
60 silly gentlyRm /usr/local/bin/npm is being gently removed
61 silly gentlyRm verifying /usr/local is an npm working directory
62 verbose rmMans man files are [ '/usr/local/lib/node_modules/npm/man/man1/npm-access.1',
62 verbose rmMans   '/usr/local/lib/node_modules/npm/man/man1/npm-adduser.1',
62 verbose rmMans   '/usr/local/lib/node_modules/npm/man/man1/npm-bin.1',
62 verbose rmMans   '/usr/local/lib/node_modules/npm/man/man1/npm-bugs.1',
62 verbose rmMans   '/usr/local/lib/node_modules/npm/man/man1/npm-build.1',
62 verbose rmMans   '/usr/local/lib/node_modules/npm/man/man1/npm-bundle.1',
62 verbose rmMans   '/usr/local/lib/node_modules/npm/man/man1/npm-cache.1',
62 verbose rmMans   '/usr/local/lib/node_modules/npm/man/man1/npm-completion.1',
62 verbose rmMans   '/usr/local/lib/node_modules/npm/man/man1/npm-config.1',
62 verbose rmMans   '/usr/local/lib/node_modules/npm/man/man1/npm-dedupe.1',
62 verbose rmMans   '/usr/local/lib/node_modules/npm/man/man1/npm-deprecate.1',
62 verbose rmMans   '/usr/local/lib/node_modules/npm/man/man1/npm-dist-tag.1',
62 verbose rmMans   '/usr/local/lib/node_modules/npm/man/man1/npm-docs.1',
62 verbose rmMans   '/usr/local/lib/node_modules/npm/man/man1/npm-edit.1',
62 verbose rmMans   '/usr/local/lib/node_modules/npm/man/man1/npm-explore.1',
62 verbose rmMans   '/usr/local/lib/node_modules/npm/man/man1/npm-help-search.1',
62 verbose rmMans   '/usr/local/lib/node_modules/npm/man/man1/npm-help.1',
62 verbose rmMans   '/usr/local/lib/node_modules/npm/man/man1/npm-init.1',
62 verbose rmMans   '/usr/local/lib/node_modules/npm/man/man1/npm-install.1',
62 verbose rmMans   '/usr/local/lib/node_modules/npm/man/man1/npm-link.1',
62 verbose rmMans   '/usr/local/lib/node_modules/npm/man/man1/npm-logout.1',
62 verbose rmMans   '/usr/local/lib/node_modules/npm/man/man1/npm-ls.1',
62 verbose rmMans   '/usr/local/lib/node_modules/npm/man/man1/npm-outdated.1',
62 verbose rmMans   '/usr/local/lib/node_modules/npm/man/man1/npm-owner.1',
62 verbose rmMans   '/usr/local/lib/node_modules/npm/man/man1/npm-pack.1',
62 verbose rmMans   '/usr/local/lib/node_modules/npm/man/man1/npm-ping.1',
62 verbose rmMans   '/usr/local/lib/node_modules/npm/man/man1/npm-prefix.1',
62 verbose rmMans   '/usr/local/lib/node_modules/npm/man/man1/npm-prune.1',
62 verbose rmMans   '/usr/local/lib/node_modules/npm/man/man1/npm-publish.1',
62 verbose rmMans   '/usr/local/lib/node_modules/npm/man/man1/npm-README.1',
62 verbose rmMans   '/usr/local/lib/node_modules/npm/man/man1/npm-rebuild.1',
62 verbose rmMans   '/usr/local/lib/node_modules/npm/man/man1/npm-repo.1',
62 verbose rmMans   '/usr/local/lib/node_modules/npm/man/man1/npm-restart.1',
62 verbose rmMans   '/usr/local/lib/node_modules/npm/man/man1/npm-rm.1',
62 verbose rmMans   '/usr/local/lib/node_modules/npm/man/man1/npm-root.1',
62 verbose rmMans   '/usr/local/lib/node_modules/npm/man/man1/npm-run-script.1',
62 verbose rmMans   '/usr/local/lib/node_modules/npm/man/man1/npm-search.1',
62 verbose rmMans   '/usr/local/lib/node_modules/npm/man/man1/npm-shrinkwrap.1',
62 verbose rmMans   '/usr/local/lib/node_modules/npm/man/man1/npm-star.1',
62 verbose rmMans   '/usr/local/lib/node_modules/npm/man/man1/npm-stars.1',
62 verbose rmMans   '/usr/local/lib/node_modules/npm/man/man1/npm-start.1',
62 verbose rmMans   '/usr/local/lib/node_modules/npm/man/man1/npm-stop.1',
62 verbose rmMans   '/usr/local/lib/node_modules/npm/man/man1/npm-submodule.1',
62 verbose rmMans   '/usr/local/lib/node_modules/npm/man/man1/npm-tag.1',
62 verbose rmMans   '/usr/local/lib/node_modules/npm/man/man1/npm-team.1',
62 verbose rmMans   '/usr/local/lib/node_modules/npm/man/man1/npm-test.1',
62 verbose rmMans   '/usr/local/lib/node_modules/npm/man/man1/npm-uninstall.1',
62 verbose rmMans   '/usr/local/lib/node_modules/npm/man/man1/npm-unpublish.1',
62 verbose rmMans   '/usr/local/lib/node_modules/npm/man/man1/npm-update.1',
62 verbose rmMans   '/usr/local/lib/node_modules/npm/man/man1/npm-version.1',
62 verbose rmMans   '/usr/local/lib/node_modules/npm/man/man1/npm-view.1',
62 verbose rmMans   '/usr/local/lib/node_modules/npm/man/man1/npm-whoami.1',
62 verbose rmMans   '/usr/local/lib/node_modules/npm/man/man1/npm.1',
62 verbose rmMans   '/usr/local/lib/node_modules/npm/man/man3/npm-bin.3',
62 verbose rmMans   '/usr/local/lib/node_modules/npm/man/man3/npm-bugs.3',
62 verbose rmMans   '/usr/local/lib/node_modules/npm/man/man3/npm-cache.3',
62 verbose rmMans   '/usr/local/lib/node_modules/npm/man/man3/npm-commands.3',
62 verbose rmMans   '/usr/local/lib/node_modules/npm/man/man3/npm-config.3',
62 verbose rmMans   '/usr/local/lib/node_modules/npm/man/man3/npm-deprecate.3',
62 verbose rmMans   '/usr/local/lib/node_modules/npm/man/man3/npm-docs.3',
62 verbose rmMans   '/usr/local/lib/node_modules/npm/man/man3/npm-edit.3',
62 verbose rmMans   '/usr/local/lib/node_modules/npm/man/man3/npm-explore.3',
62 verbose rmMans   '/usr/local/lib/node_modules/npm/man/man3/npm-help-search.3',
62 verbose rmMans   '/usr/local/lib/node_modules/npm/man/man3/npm-init.3',
62 verbose rmMans   '/usr/local/lib/node_modules/npm/man/man3/npm-install.3',
62 verbose rmMans   '/usr/local/lib/node_modules/npm/man/man3/npm-link.3',
62 verbose rmMans   '/usr/local/lib/node_modules/npm/man/man3/npm-load.3',
62 verbose rmMans   '/usr/local/lib/node_modules/npm/man/man3/npm-ls.3',
62 verbose rmMans   '/usr/local/lib/node_modules/npm/man/man3/npm-outdated.3',
62 verbose rmMans   '/usr/local/lib/node_modules/npm/man/man3/npm-owner.3',
62 verbose rmMans   '/usr/local/lib/node_modules/npm/man/man3/npm-pack.3',
62 verbose rmMans   '/usr/local/lib/node_modules/npm/man/man3/npm-ping.3',
62 verbose rmMans   '/usr/local/lib/node_modules/npm/man/man3/npm-prefix.3',
62 verbose rmMans   '/usr/local/lib/node_modules/npm/man/man3/npm-prune.3',
62 verbose rmMans   '/usr/local/lib/node_modules/npm/man/man3/npm-publish.3',
62 verbose rmMans   '/usr/local/lib/node_modules/npm/man/man3/npm-rebuild.3',
62 verbose rmMans   '/usr/local/lib/node_modules/npm/man/man3/npm-repo.3',
62 verbose rmMans   '/usr/local/lib/node_modules/npm/man/man3/npm-restart.3',
62 verbose rmMans   '/usr/local/lib/node_modules/npm/man/man3/npm-root.3',
62 verbose rmMans   '/usr/local/lib/node_modules/npm/man/man3/npm-run-script.3',
62 verbose rmMans   '/usr/local/lib/node_modules/npm/man/man3/npm-search.3',
62 verbose rmMans   '/usr/local/lib/node_modules/npm/man/man3/npm-shrinkwrap.3',
62 verbose rmMans   '/usr/local/lib/node_modules/npm/man/man3/npm-start.3',
62 verbose rmMans   '/usr/local/lib/node_modules/npm/man/man3/npm-stop.3',
62 verbose rmMans   '/usr/local/lib/node_modules/npm/man/man3/npm-submodule.3',
62 verbose rmMans   '/usr/local/lib/node_modules/npm/man/man3/npm-tag.3',
62 verbose rmMans   '/usr/local/lib/node_modules/npm/man/man3/npm-test.3',
62 verbose rmMans   '/usr/local/lib/node_modules/npm/man/man3/npm-uninstall.3',
62 verbose rmMans   '/usr/local/lib/node_modules/npm/man/man3/npm-unpublish.3',
62 verbose rmMans   '/usr/local/lib/node_modules/npm/man/man3/npm-update.3',
62 verbose rmMans   '/usr/local/lib/node_modules/npm/man/man3/npm-version.3',
62 verbose rmMans   '/usr/local/lib/node_modules/npm/man/man3/npm-view.3',
62 verbose rmMans   '/usr/local/lib/node_modules/npm/man/man3/npm-whoami.3',
62 verbose rmMans   '/usr/local/lib/node_modules/npm/man/man3/npm.3',
62 verbose rmMans   '/usr/local/lib/node_modules/npm/man/man5/npm-folders.5',
62 verbose rmMans   '/usr/local/lib/node_modules/npm/man/man5/npm-global.5',
62 verbose rmMans   '/usr/local/lib/node_modules/npm/man/man5/npm-json.5',
62 verbose rmMans   '/usr/local/lib/node_modules/npm/man/man5/npmrc.5',
62 verbose rmMans   '/usr/local/lib/node_modules/npm/man/man5/package.json.5',
62 verbose rmMans   '/usr/local/lib/node_modules/npm/man/man7/npm-coding-style.7',
62 verbose rmMans   '/usr/local/lib/node_modules/npm/man/man7/npm-config.7',
62 verbose rmMans   '/usr/local/lib/node_modules/npm/man/man7/npm-developers.7',
62 verbose rmMans   '/usr/local/lib/node_modules/npm/man/man7/npm-disputes.7',
62 verbose rmMans   '/usr/local/lib/node_modules/npm/man/man7/npm-faq.7',
62 verbose rmMans   '/usr/local/lib/node_modules/npm/man/man7/npm-index.7',
62 verbose rmMans   '/usr/local/lib/node_modules/npm/man/man7/npm-orgs.7',
62 verbose rmMans   '/usr/local/lib/node_modules/npm/man/man7/npm-registry.7',
62 verbose rmMans   '/usr/local/lib/node_modules/npm/man/man7/npm-scope.7',
62 verbose rmMans   '/usr/local/lib/node_modules/npm/man/man7/npm-scripts.7',
62 verbose rmMans   '/usr/local/lib/node_modules/npm/man/man7/removing-npm.7',
62 verbose rmMans   '/usr/local/lib/node_modules/npm/man/man7/semver.7' ] in /usr/local/share/man
63 silly rmMan preparing to remove /usr/local/lib/node_modules/npm/man/man1/npm-access.1
64 silly gentlyRm /usr/local/share/man/man1/npm-access.1.1 is being gently removed
65 silly gentlyRm verifying /usr/local is an npm working directory
66 silly rmMan preparing to remove /usr/local/lib/node_modules/npm/man/man1/npm-adduser.1
67 silly gentlyRm /usr/local/share/man/man1/npm-adduser.1.1 is being gently removed
68 silly gentlyRm verifying /usr/local is an npm working directory
69 silly rmMan preparing to remove /usr/local/lib/node_modules/npm/man/man1/npm-bin.1
70 silly gentlyRm /usr/local/share/man/man1/npm-bin.1.1 is being gently removed
71 silly gentlyRm verifying /usr/local is an npm working directory
72 silly rmMan preparing to remove /usr/local/lib/node_modules/npm/man/man1/npm-bugs.1
73 silly gentlyRm /usr/local/share/man/man1/npm-bugs.1.1 is being gently removed
74 silly gentlyRm verifying /usr/local is an npm working directory
75 silly rmMan preparing to remove /usr/local/lib/node_modules/npm/man/man1/npm-build.1
76 silly gentlyRm /usr/local/share/man/man1/npm-build.1.1 is being gently removed
77 silly gentlyRm verifying /usr/local is an npm working directory
78 silly rmMan preparing to remove /usr/local/lib/node_modules/npm/man/man1/npm-bundle.1
79 silly gentlyRm /usr/local/share/man/man1/npm-bundle.1.1 is being gently removed
80 silly gentlyRm verifying /usr/local is an npm working directory
81 silly rmMan preparing to remove /usr/local/lib/node_modules/npm/man/man1/npm-cache.1
82 silly gentlyRm /usr/local/share/man/man1/npm-cache.1.1 is being gently removed
83 silly gentlyRm verifying /usr/local is an npm working directory
84 silly rmMan preparing to remove /usr/local/lib/node_modules/npm/man/man1/npm-completion.1
85 silly gentlyRm /usr/local/share/man/man1/npm-completion.1.1 is being gently removed
86 silly gentlyRm verifying /usr/local is an npm working directory
87 silly rmMan preparing to remove /usr/local/lib/node_modules/npm/man/man1/npm-config.1
88 silly gentlyRm /usr/local/share/man/man1/npm-config.1.1 is being gently removed
89 silly gentlyRm verifying /usr/local is an npm working directory
90 silly rmMan preparing to remove /usr/local/lib/node_modules/npm/man/man1/npm-dedupe.1
91 silly gentlyRm /usr/local/share/man/man1/npm-dedupe.1.1 is being gently removed
92 silly gentlyRm verifying /usr/local is an npm working directory
93 silly rmMan preparing to remove /usr/local/lib/node_modules/npm/man/man1/npm-deprecate.1
94 silly gentlyRm /usr/local/share/man/man1/npm-deprecate.1.1 is being gently removed
95 silly gentlyRm verifying /usr/local is an npm working directory
96 silly rmMan preparing to remove /usr/local/lib/node_modules/npm/man/man1/npm-dist-tag.1
97 silly gentlyRm /usr/local/share/man/man1/npm-dist-tag.1.1 is being gently removed
98 silly gentlyRm verifying /usr/local is an npm working directory
99 silly rmMan preparing to remove /usr/local/lib/node_modules/npm/man/man1/npm-docs.1
100 silly gentlyRm /usr/local/share/man/man1/npm-docs.1.1 is being gently removed
101 silly gentlyRm verifying /usr/local is an npm working directory
102 silly rmMan preparing to remove /usr/local/lib/node_modules/npm/man/man1/npm-edit.1
103 silly gentlyRm /usr/local/share/man/man1/npm-edit.1.1 is being gently removed
104 silly gentlyRm verifying /usr/local is an npm working directory
105 silly rmMan preparing to remove /usr/local/lib/node_modules/npm/man/man1/npm-explore.1
106 silly gentlyRm /usr/local/share/man/man1/npm-explore.1.1 is being gently removed
107 silly gentlyRm verifying /usr/local is an npm working directory
108 silly rmMan preparing to remove /usr/local/lib/node_modules/npm/man/man1/npm-help-search.1
109 silly gentlyRm /usr/local/share/man/man1/npm-help-search.1.1 is being gently removed
110 silly gentlyRm verifying /usr/local is an npm working directory
111 silly rmMan preparing to remove /usr/local/lib/node_modules/npm/man/man1/npm-help.1
112 silly gentlyRm /usr/local/share/man/man1/npm-help.1.1 is being gently removed
113 silly gentlyRm verifying /usr/local is an npm working directory
114 silly rmMan preparing to remove /usr/local/lib/node_modules/npm/man/man1/npm-init.1
115 silly gentlyRm /usr/local/share/man/man1/npm-init.1.1 is being gently removed
116 silly gentlyRm verifying /usr/local is an npm working directory
117 silly rmMan preparing to remove /usr/local/lib/node_modules/npm/man/man1/npm-install.1
118 silly gentlyRm /usr/local/share/man/man1/npm-install.1.1 is being gently removed
119 silly gentlyRm verifying /usr/local is an npm working directory
120 silly rmMan preparing to remove /usr/local/lib/node_modules/npm/man/man1/npm-link.1
121 silly gentlyRm /usr/local/share/man/man1/npm-link.1.1 is being gently removed
122 silly gentlyRm verifying /usr/local is an npm working directory
123 silly rmMan preparing to remove /usr/local/lib/node_modules/npm/man/man1/npm-logout.1
124 silly gentlyRm /usr/local/share/man/man1/npm-logout.1.1 is being gently removed
125 silly gentlyRm verifying /usr/local is an npm working directory
126 silly rmMan preparing to remove /usr/local/lib/node_modules/npm/man/man1/npm-ls.1
127 silly gentlyRm /usr/local/share/man/man1/npm-ls.1.1 is being gently removed
128 silly gentlyRm verifying /usr/local is an npm working directory
129 silly rmMan preparing to remove /usr/local/lib/node_modules/npm/man/man1/npm-outdated.1
130 silly gentlyRm /usr/local/share/man/man1/npm-outdated.1.1 is being gently removed
131 silly gentlyRm verifying /usr/local is an npm working directory
132 silly rmMan preparing to remove /usr/local/lib/node_modules/npm/man/man1/npm-owner.1
133 silly gentlyRm /usr/local/share/man/man1/npm-owner.1.1 is being gently removed
134 silly gentlyRm verifying /usr/local is an npm working directory
135 silly rmMan preparing to remove /usr/local/lib/node_modules/npm/man/man1/npm-pack.1
136 silly gentlyRm /usr/local/share/man/man1/npm-pack.1.1 is being gently removed
137 silly gentlyRm verifying /usr/local is an npm working directory
138 silly rmMan preparing to remove /usr/local/lib/node_modules/npm/man/man1/npm-ping.1
139 silly gentlyRm /usr/local/share/man/man1/npm-ping.1.1 is being gently removed
140 silly gentlyRm verifying /usr/local is an npm working directory
141 silly rmMan preparing to remove /usr/local/lib/node_modules/npm/man/man1/npm-prefix.1
142 silly gentlyRm /usr/local/share/man/man1/npm-prefix.1.1 is being gently removed
143 silly gentlyRm verifying /usr/local is an npm working directory
144 silly rmMan preparing to remove /usr/local/lib/node_modules/npm/man/man1/npm-prune.1
145 silly gentlyRm /usr/local/share/man/man1/npm-prune.1.1 is being gently removed
146 silly gentlyRm verifying /usr/local is an npm working directory
147 silly rmMan preparing to remove /usr/local/lib/node_modules/npm/man/man1/npm-publish.1
148 silly gentlyRm /usr/local/share/man/man1/npm-publish.1.1 is being gently removed
149 silly gentlyRm verifying /usr/local is an npm working directory
150 silly rmMan preparing to remove /usr/local/lib/node_modules/npm/man/man1/npm-README.1
151 silly gentlyRm /usr/local/share/man/man1/npm-README.1.1 is being gently removed
152 silly gentlyRm verifying /usr/local is an npm working directory
153 silly rmMan preparing to remove /usr/local/lib/node_modules/npm/man/man1/npm-rebuild.1
154 silly gentlyRm /usr/local/share/man/man1/npm-rebuild.1.1 is being gently removed
155 silly gentlyRm verifying /usr/local is an npm working directory
156 silly rmMan preparing to remove /usr/local/lib/node_modules/npm/man/man1/npm-repo.1
157 silly gentlyRm /usr/local/share/man/man1/npm-repo.1.1 is being gently removed
158 silly gentlyRm verifying /usr/local is an npm working directory
159 silly rmMan preparing to remove /usr/local/lib/node_modules/npm/man/man1/npm-restart.1
160 silly gentlyRm /usr/local/share/man/man1/npm-restart.1.1 is being gently removed
161 silly gentlyRm verifying /usr/local is an npm working directory
162 silly rmMan preparing to remove /usr/local/lib/node_modules/npm/man/man1/npm-rm.1
163 silly gentlyRm /usr/local/share/man/man1/npm-rm.1.1 is being gently removed
164 silly gentlyRm verifying /usr/local is an npm working directory
165 silly rmMan preparing to remove /usr/local/lib/node_modules/npm/man/man1/npm-root.1
166 silly gentlyRm /usr/local/share/man/man1/npm-root.1.1 is being gently removed
167 silly gentlyRm verifying /usr/local is an npm working directory
168 silly rmMan preparing to remove /usr/local/lib/node_modules/npm/man/man1/npm-run-script.1
169 silly gentlyRm /usr/local/share/man/man1/npm-run-script.1.1 is being gently removed
170 silly gentlyRm verifying /usr/local is an npm working directory
171 silly rmMan preparing to remove /usr/local/lib/node_modules/npm/man/man1/npm-search.1
172 silly gentlyRm /usr/local/share/man/man1/npm-search.1.1 is being gently removed
173 silly gentlyRm verifying /usr/local is an npm working directory
174 silly rmMan preparing to remove /usr/local/lib/node_modules/npm/man/man1/npm-shrinkwrap.1
175 silly gentlyRm /usr/local/share/man/man1/npm-shrinkwrap.1.1 is being gently removed
176 silly gentlyRm verifying /usr/local is an npm working directory
177 silly rmMan preparing to remove /usr/local/lib/node_modules/npm/man/man1/npm-star.1
178 silly gentlyRm /usr/local/share/man/man1/npm-star.1.1 is being gently removed
179 silly gentlyRm verifying /usr/local is an npm working directory
180 silly rmMan preparing to remove /usr/local/lib/node_modules/npm/man/man1/npm-stars.1
181 silly gentlyRm /usr/local/share/man/man1/npm-stars.1.1 is being gently removed
182 silly gentlyRm verifying /usr/local is an npm working directory
183 silly rmMan preparing to remove /usr/local/lib/node_modules/npm/man/man1/npm-start.1
184 silly gentlyRm /usr/local/share/man/man1/npm-start.1.1 is being gently removed
185 silly gentlyRm verifying /usr/local is an npm working directory
186 silly rmMan preparing to remove /usr/local/lib/node_modules/npm/man/man1/npm-stop.1
187 silly gentlyRm /usr/local/share/man/man1/npm-stop.1.1 is being gently removed
188 silly gentlyRm verifying /usr/local is an npm working directory
189 silly rmMan preparing to remove /usr/local/lib/node_modules/npm/man/man1/npm-submodule.1
190 silly gentlyRm /usr/local/share/man/man1/npm-submodule.1.1 is being gently removed
191 silly gentlyRm verifying /usr/local is an npm working directory
192 silly rmMan preparing to remove /usr/local/lib/node_modules/npm/man/man1/npm-tag.1
193 silly gentlyRm /usr/local/share/man/man1/npm-tag.1.1 is being gently removed
194 silly gentlyRm verifying /usr/local is an npm working directory
195 silly rmMan preparing to remove /usr/local/lib/node_modules/npm/man/man1/npm-team.1
196 silly gentlyRm /usr/local/share/man/man1/npm-team.1.1 is being gently removed
197 silly gentlyRm verifying /usr/local is an npm working directory
198 silly rmMan preparing to remove /usr/local/lib/node_modules/npm/man/man1/npm-test.1
199 silly gentlyRm /usr/local/share/man/man1/npm-test.1.1 is being gently removed
200 silly gentlyRm verifying /usr/local is an npm working directory
201 silly rmMan preparing to remove /usr/local/lib/node_modules/npm/man/man1/npm-uninstall.1
202 silly gentlyRm /usr/local/share/man/man1/npm-uninstall.1.1 is being gently removed
203 silly gentlyRm verifying /usr/local is an npm working directory
204 silly rmMan preparing to remove /usr/local/lib/node_modules/npm/man/man1/npm-unpublish.1
205 silly gentlyRm /usr/local/share/man/man1/npm-unpublish.1.1 is being gently removed
206 silly gentlyRm verifying /usr/local is an npm working directory
207 silly rmMan preparing to remove /usr/local/lib/node_modules/npm/man/man1/npm-update.1
208 silly gentlyRm /usr/local/share/man/man1/npm-update.1.1 is being gently removed
209 silly gentlyRm verifying /usr/local is an npm working directory
210 silly rmMan preparing to remove /usr/local/lib/node_modules/npm/man/man1/npm-version.1
211 silly gentlyRm /usr/local/share/man/man1/npm-version.1.1 is being gently removed
212 silly gentlyRm verifying /usr/local is an npm working directory
213 silly rmMan preparing to remove /usr/local/lib/node_modules/npm/man/man1/npm-view.1
214 silly gentlyRm /usr/local/share/man/man1/npm-view.1.1 is being gently removed
215 silly gentlyRm verifying /usr/local is an npm working directory
216 silly rmMan preparing to remove /usr/local/lib/node_modules/npm/man/man1/npm-whoami.1
217 silly gentlyRm /usr/local/share/man/man1/npm-whoami.1.1 is being gently removed
218 silly gentlyRm verifying /usr/local is an npm working directory
219 silly rmMan preparing to remove /usr/local/lib/node_modules/npm/man/man1/npm.1
220 silly gentlyRm /usr/local/share/man/man1/npm.1.1 is being gently removed
221 silly gentlyRm verifying /usr/local is an npm working directory
222 silly rmMan preparing to remove /usr/local/lib/node_modules/npm/man/man3/npm-bin.3
223 silly gentlyRm /usr/local/share/man/man3/npm-bin.3.3 is being gently removed
224 silly gentlyRm verifying /usr/local is an npm working directory
225 silly rmMan preparing to remove /usr/local/lib/node_modules/npm/man/man3/npm-bugs.3
226 silly gentlyRm /usr/local/share/man/man3/npm-bugs.3.3 is being gently removed
227 silly gentlyRm verifying /usr/local is an npm working directory
228 silly rmMan preparing to remove /usr/local/lib/node_modules/npm/man/man3/npm-cache.3
229 silly gentlyRm /usr/local/share/man/man3/npm-cache.3.3 is being gently removed
230 silly gentlyRm verifying /usr/local is an npm working directory
231 silly rmMan preparing to remove /usr/local/lib/node_modules/npm/man/man3/npm-commands.3
232 silly gentlyRm /usr/local/share/man/man3/npm-commands.3.3 is being gently removed
233 silly gentlyRm verifying /usr/local is an npm working directory
234 silly rmMan preparing to remove /usr/local/lib/node_modules/npm/man/man3/npm-config.3
235 silly gentlyRm /usr/local/share/man/man3/npm-config.3.3 is being gently removed
236 silly gentlyRm verifying /usr/local is an npm working directory
237 silly rmMan preparing to remove /usr/local/lib/node_modules/npm/man/man3/npm-deprecate.3
238 silly gentlyRm /usr/local/share/man/man3/npm-deprecate.3.3 is being gently removed
239 silly gentlyRm verifying /usr/local is an npm working directory
240 silly rmMan preparing to remove /usr/local/lib/node_modules/npm/man/man3/npm-docs.3
241 silly gentlyRm /usr/local/share/man/man3/npm-docs.3.3 is being gently removed
242 silly gentlyRm verifying /usr/local is an npm working directory
243 silly rmMan preparing to remove /usr/local/lib/node_modules/npm/man/man3/npm-edit.3
244 silly gentlyRm /usr/local/share/man/man3/npm-edit.3.3 is being gently removed
245 silly gentlyRm verifying /usr/local is an npm working directory
246 silly rmMan preparing to remove /usr/local/lib/node_modules/npm/man/man3/npm-explore.3
247 silly gentlyRm /usr/local/share/man/man3/npm-explore.3.3 is being gently removed
248 silly gentlyRm verifying /usr/local is an npm working directory
249 silly rmMan preparing to remove /usr/local/lib/node_modules/npm/man/man3/npm-help-search.3
250 silly gentlyRm /usr/local/share/man/man3/npm-help-search.3.3 is being gently removed
251 silly gentlyRm verifying /usr/local is an npm working directory
252 silly rmMan preparing to remove /usr/local/lib/node_modules/npm/man/man3/npm-init.3
253 silly gentlyRm /usr/local/share/man/man3/npm-init.3.3 is being gently removed
254 silly gentlyRm verifying /usr/local is an npm working directory
255 silly rmMan preparing to remove /usr/local/lib/node_modules/npm/man/man3/npm-install.3
256 silly gentlyRm /usr/local/share/man/man3/npm-install.3.3 is being gently removed
257 silly gentlyRm verifying /usr/local is an npm working directory
258 silly rmMan preparing to remove /usr/local/lib/node_modules/npm/man/man3/npm-link.3
259 silly gentlyRm /usr/local/share/man/man3/npm-link.3.3 is being gently removed
260 silly gentlyRm verifying /usr/local is an npm working directory
261 silly rmMan preparing to remove /usr/local/lib/node_modules/npm/man/man3/npm-load.3
262 silly gentlyRm /usr/local/share/man/man3/npm-load.3.3 is being gently removed
263 silly gentlyRm verifying /usr/local is an npm working directory
264 silly rmMan preparing to remove /usr/local/lib/node_modules/npm/man/man3/npm-ls.3
265 silly gentlyRm /usr/local/share/man/man3/npm-ls.3.3 is being gently removed
266 silly gentlyRm verifying /usr/local is an npm working directory
267 silly rmMan preparing to remove /usr/local/lib/node_modules/npm/man/man3/npm-outdated.3
268 silly gentlyRm /usr/local/share/man/man3/npm-outdated.3.3 is being gently removed
269 silly gentlyRm verifying /usr/local is an npm working directory
270 silly rmMan preparing to remove /usr/local/lib/node_modules/npm/man/man3/npm-owner.3
271 silly gentlyRm /usr/local/share/man/man3/npm-owner.3.3 is being gently removed
272 silly gentlyRm verifying /usr/local is an npm working directory
273 silly rmMan preparing to remove /usr/local/lib/node_modules/npm/man/man3/npm-pack.3
274 silly gentlyRm /usr/local/share/man/man3/npm-pack.3.3 is being gently removed
275 silly gentlyRm verifying /usr/local is an npm working directory
276 silly rmMan preparing to remove /usr/local/lib/node_modules/npm/man/man3/npm-ping.3
277 silly gentlyRm /usr/local/share/man/man3/npm-ping.3.3 is being gently removed
278 silly gentlyRm verifying /usr/local is an npm working directory
279 silly rmMan preparing to remove /usr/local/lib/node_modules/npm/man/man3/npm-prefix.3
280 silly gentlyRm /usr/local/share/man/man3/npm-prefix.3.3 is being gently removed
281 silly gentlyRm verifying /usr/local is an npm working directory
282 silly rmMan preparing to remove /usr/local/lib/node_modules/npm/man/man3/npm-prune.3
283 silly gentlyRm /usr/local/share/man/man3/npm-prune.3.3 is being gently removed
284 silly gentlyRm verifying /usr/local is an npm working directory
285 silly rmMan preparing to remove /usr/local/lib/node_modules/npm/man/man3/npm-publish.3
286 silly gentlyRm /usr/local/share/man/man3/npm-publish.3.3 is being gently removed
287 silly gentlyRm verifying /usr/local is an npm working directory
288 silly rmMan preparing to remove /usr/local/lib/node_modules/npm/man/man3/npm-rebuild.3
289 silly gentlyRm /usr/local/share/man/man3/npm-rebuild.3.3 is being gently removed
290 silly gentlyRm verifying /usr/local is an npm working directory
291 silly rmMan preparing to remove /usr/local/lib/node_modules/npm/man/man3/npm-repo.3
292 silly gentlyRm /usr/local/share/man/man3/npm-repo.3.3 is being gently removed
293 silly gentlyRm verifying /usr/local is an npm working directory
294 silly rmMan preparing to remove /usr/local/lib/node_modules/npm/man/man3/npm-restart.3
295 silly gentlyRm /usr/local/share/man/man3/npm-restart.3.3 is being gently removed
296 silly gentlyRm verifying /usr/local is an npm working directory
297 silly rmMan preparing to remove /usr/local/lib/node_modules/npm/man/man3/npm-root.3
298 silly gentlyRm /usr/local/share/man/man3/npm-root.3.3 is being gently removed
299 silly gentlyRm verifying /usr/local is an npm working directory
300 silly rmMan preparing to remove /usr/local/lib/node_modules/npm/man/man3/npm-run-script.3
301 silly gentlyRm /usr/local/share/man/man3/npm-run-script.3.3 is being gently removed
302 silly gentlyRm verifying /usr/local is an npm working directory
303 silly rmMan preparing to remove /usr/local/lib/node_modules/npm/man/man3/npm-search.3
304 silly gentlyRm /usr/local/share/man/man3/npm-search.3.3 is being gently removed
305 silly gentlyRm verifying /usr/local is an npm working directory
306 silly rmMan preparing to remove /usr/local/lib/node_modules/npm/man/man3/npm-shrinkwrap.3
307 silly gentlyRm /usr/local/share/man/man3/npm-shrinkwrap.3.3 is being gently removed
308 silly gentlyRm verifying /usr/local is an npm working directory
309 silly rmMan preparing to remove /usr/local/lib/node_modules/npm/man/man3/npm-start.3
310 silly gentlyRm /usr/local/share/man/man3/npm-start.3.3 is being gently removed
311 silly gentlyRm verifying /usr/local is an npm working directory
312 silly rmMan preparing to remove /usr/local/lib/node_modules/npm/man/man3/npm-stop.3
313 silly gentlyRm /usr/local/share/man/man3/npm-stop.3.3 is being gently removed
314 silly gentlyRm verifying /usr/local is an npm working directory
315 silly rmMan preparing to remove /usr/local/lib/node_modules/npm/man/man3/npm-submodule.3
316 silly gentlyRm /usr/local/share/man/man3/npm-submodule.3.3 is being gently removed
317 silly gentlyRm verifying /usr/local is an npm working directory
318 silly rmMan preparing to remove /usr/local/lib/node_modules/npm/man/man3/npm-tag.3
319 silly gentlyRm /usr/local/share/man/man3/npm-tag.3.3 is being gently removed
320 silly gentlyRm verifying /usr/local is an npm working directory
321 silly rmMan preparing to remove /usr/local/lib/node_modules/npm/man/man3/npm-test.3
322 silly gentlyRm /usr/local/share/man/man3/npm-test.3.3 is being gently removed
323 silly gentlyRm verifying /usr/local is an npm working directory
324 silly rmMan preparing to remove /usr/local/lib/node_modules/npm/man/man3/npm-uninstall.3
325 silly gentlyRm /usr/local/share/man/man3/npm-uninstall.3.3 is being gently removed
326 silly gentlyRm verifying /usr/local is an npm working directory
327 silly rmMan preparing to remove /usr/local/lib/node_modules/npm/man/man3/npm-unpublish.3
328 silly gentlyRm /usr/local/share/man/man3/npm-unpublish.3.3 is being gently removed
329 silly gentlyRm verifying /usr/local is an npm working directory
330 silly rmMan preparing to remove /usr/local/lib/node_modules/npm/man/man3/npm-update.3
331 silly gentlyRm /usr/local/share/man/man3/npm-update.3.3 is being gently removed
332 silly gentlyRm verifying /usr/local is an npm working directory
333 silly rmMan preparing to remove /usr/local/lib/node_modules/npm/man/man3/npm-version.3
334 silly gentlyRm /usr/local/share/man/man3/npm-version.3.3 is being gently removed
335 silly gentlyRm verifying /usr/local is an npm working directory
336 silly rmMan preparing to remove /usr/local/lib/node_modules/npm/man/man3/npm-view.3
337 silly gentlyRm /usr/local/share/man/man3/npm-view.3.3 is being gently removed
338 silly gentlyRm verifying /usr/local is an npm working directory
339 silly rmMan preparing to remove /usr/local/lib/node_modules/npm/man/man3/npm-whoami.3
340 silly gentlyRm /usr/local/share/man/man3/npm-whoami.3.3 is being gently removed
341 silly gentlyRm verifying /usr/local is an npm working directory
342 silly rmMan preparing to remove /usr/local/lib/node_modules/npm/man/man3/npm.3
343 silly gentlyRm /usr/local/share/man/man3/npm.3.3 is being gently removed
344 silly gentlyRm verifying /usr/local is an npm working directory
345 silly rmMan preparing to remove /usr/local/lib/node_modules/npm/man/man5/npm-folders.5
346 silly gentlyRm /usr/local/share/man/man5/npm-folders.5.5 is being gently removed
347 silly gentlyRm verifying /usr/local is an npm working directory
348 silly rmMan preparing to remove /usr/local/lib/node_modules/npm/man/man5/npm-global.5
349 silly gentlyRm /usr/local/share/man/man5/npm-global.5.5 is being gently removed
350 silly gentlyRm verifying /usr/local is an npm working directory
351 silly rmMan preparing to remove /usr/local/lib/node_modules/npm/man/man5/npm-json.5
352 silly gentlyRm /usr/local/share/man/man5/npm-json.5.5 is being gently removed
353 silly gentlyRm verifying /usr/local is an npm working directory
354 silly rmMan preparing to remove /usr/local/lib/node_modules/npm/man/man5/npmrc.5
355 silly gentlyRm /usr/local/share/man/man5/npmrc.5.5 is being gently removed
356 silly gentlyRm verifying /usr/local is an npm working directory
357 silly rmMan preparing to remove /usr/local/lib/node_modules/npm/man/man5/package.json.5
358 silly gentlyRm /usr/local/share/man/man5/npm-package.json.5.5 is being gently removed
359 silly gentlyRm verifying /usr/local is an npm working directory
360 silly rmMan preparing to remove /usr/local/lib/node_modules/npm/man/man7/npm-coding-style.7
361 silly gentlyRm /usr/local/share/man/man7/npm-coding-style.7.7 is being gently removed
362 silly gentlyRm verifying /usr/local is an npm working directory
363 silly rmMan preparing to remove /usr/local/lib/node_modules/npm/man/man7/npm-config.7
364 silly gentlyRm /usr/local/share/man/man7/npm-config.7.7 is being gently removed
365 silly gentlyRm verifying /usr/local is an npm working directory
366 silly rmMan preparing to remove /usr/local/lib/node_modules/npm/man/man7/npm-developers.7
367 silly gentlyRm /usr/local/share/man/man7/npm-developers.7.7 is being gently removed
368 silly gentlyRm verifying /usr/local is an npm working directory
369 silly rmMan preparing to remove /usr/local/lib/node_modules/npm/man/man7/npm-disputes.7
370 silly gentlyRm /usr/local/share/man/man7/npm-disputes.7.7 is being gently removed
371 silly gentlyRm verifying /usr/local is an npm working directory
372 silly rmMan preparing to remove /usr/local/lib/node_modules/npm/man/man7/npm-faq.7
373 silly gentlyRm /usr/local/share/man/man7/npm-faq.7.7 is being gently removed
374 silly gentlyRm verifying /usr/local is an npm working directory
375 silly rmMan preparing to remove /usr/local/lib/node_modules/npm/man/man7/npm-index.7
376 silly gentlyRm /usr/local/share/man/man7/npm-index.7.7 is being gently removed
377 silly gentlyRm verifying /usr/local is an npm working directory
378 silly rmMan preparing to remove /usr/local/lib/node_modules/npm/man/man7/npm-orgs.7
379 silly gentlyRm /usr/local/share/man/man7/npm-orgs.7.7 is being gently removed
380 silly gentlyRm verifying /usr/local is an npm working directory
381 silly rmMan preparing to remove /usr/local/lib/node_modules/npm/man/man7/npm-registry.7
382 silly gentlyRm /usr/local/share/man/man7/npm-registry.7.7 is being gently removed
383 silly gentlyRm verifying /usr/local is an npm working directory
384 silly rmMan preparing to remove /usr/local/lib/node_modules/npm/man/man7/npm-scope.7
385 silly gentlyRm /usr/local/share/man/man7/npm-scope.7.7 is being gently removed
386 silly gentlyRm verifying /usr/local is an npm working directory
387 silly rmMan preparing to remove /usr/local/lib/node_modules/npm/man/man7/npm-scripts.7
388 silly gentlyRm /usr/local/share/man/man7/npm-scripts.7.7 is being gently removed
389 silly gentlyRm verifying /usr/local is an npm working directory
390 silly rmMan preparing to remove /usr/local/lib/node_modules/npm/man/man7/removing-npm.7
391 silly gentlyRm /usr/local/share/man/man7/npm-removing-npm.7.7 is being gently removed
392 silly gentlyRm verifying /usr/local is an npm working directory
393 silly rmMan preparing to remove /usr/local/lib/node_modules/npm/man/man7/semver.7
394 silly gentlyRm /usr/local/share/man/man7/npm-semver.7.7 is being gently removed
395 silly gentlyRm verifying /usr/local is an npm working directory
396 silly gentlyRm containing path /usr/local is under npm's control, in /usr/local
397 silly gentlyRm deletion target /usr/local/bin/npm is under /usr/local
398 verbose gentlyRm vacuuming from /usr/local/bin/npm up to /usr/local
399 silly gentlyRm containing path /usr/local is under npm's control, in /usr/local
400 silly gentlyRm deletion target /usr/local/share/man/man1/npm-access.1.1 is under /usr/local
401 verbose gentlyRm vacuuming from /usr/local/share/man/man1/npm-access.1.1 up to /usr/local
402 silly gentlyRm containing path /usr/local is under npm's control, in /usr/local
403 silly gentlyRm deletion target /usr/local/share/man/man1/npm-adduser.1.1 is under /usr/local
404 verbose gentlyRm vacuuming from /usr/local/share/man/man1/npm-adduser.1.1 up to /usr/local
405 silly gentlyRm containing path /usr/local is under npm's control, in /usr/local
406 silly gentlyRm deletion target /usr/local/share/man/man1/npm-bin.1.1 is under /usr/local
407 verbose gentlyRm vacuuming from /usr/local/share/man/man1/npm-bin.1.1 up to /usr/local
408 silly gentlyRm containing path /usr/local is under npm's control, in /usr/local
409 silly gentlyRm deletion target /usr/local/share/man/man1/npm-bugs.1.1 is under /usr/local
410 verbose gentlyRm vacuuming from /usr/local/share/man/man1/npm-bugs.1.1 up to /usr/local
411 silly gentlyRm containing path /usr/local is under npm's control, in /usr/local
412 silly gentlyRm deletion target /usr/local/share/man/man1/npm-build.1.1 is under /usr/local
413 verbose gentlyRm vacuuming from /usr/local/share/man/man1/npm-build.1.1 up to /usr/local
414 silly gentlyRm containing path /usr/local is under npm's control, in /usr/local
415 silly gentlyRm deletion target /usr/local/share/man/man1/npm-bundle.1.1 is under /usr/local
416 verbose gentlyRm vacuuming from /usr/local/share/man/man1/npm-bundle.1.1 up to /usr/local
417 silly gentlyRm containing path /usr/local is under npm's control, in /usr/local
418 silly gentlyRm deletion target /usr/local/share/man/man1/npm-cache.1.1 is under /usr/local
419 verbose gentlyRm vacuuming from /usr/local/share/man/man1/npm-cache.1.1 up to /usr/local
420 silly gentlyRm containing path /usr/local is under npm's control, in /usr/local
421 silly gentlyRm deletion target /usr/local/share/man/man1/npm-completion.1.1 is under /usr/local
422 verbose gentlyRm vacuuming from /usr/local/share/man/man1/npm-completion.1.1 up to /usr/local
423 silly gentlyRm containing path /usr/local is under npm's control, in /usr/local
424 silly gentlyRm deletion target /usr/local/share/man/man1/npm-config.1.1 is under /usr/local
425 verbose gentlyRm vacuuming from /usr/local/share/man/man1/npm-config.1.1 up to /usr/local
426 silly gentlyRm containing path /usr/local is under npm's control, in /usr/local
427 silly gentlyRm deletion target /usr/local/share/man/man1/npm-dedupe.1.1 is under /usr/local
428 verbose gentlyRm vacuuming from /usr/local/share/man/man1/npm-dedupe.1.1 up to /usr/local
429 silly gentlyRm containing path /usr/local is under npm's control, in /usr/local
430 silly gentlyRm deletion target /usr/local/share/man/man1/npm-deprecate.1.1 is under /usr/local
431 verbose gentlyRm vacuuming from /usr/local/share/man/man1/npm-deprecate.1.1 up to /usr/local
432 silly gentlyRm containing path /usr/local is under npm's control, in /usr/local
433 silly gentlyRm deletion target /usr/local/share/man/man1/npm-dist-tag.1.1 is under /usr/local
434 verbose gentlyRm vacuuming from /usr/local/share/man/man1/npm-dist-tag.1.1 up to /usr/local
435 silly gentlyRm containing path /usr/local is under npm's control, in /usr/local
436 silly gentlyRm deletion target /usr/local/share/man/man1/npm-docs.1.1 is under /usr/local
437 verbose gentlyRm vacuuming from /usr/local/share/man/man1/npm-docs.1.1 up to /usr/local
438 silly gentlyRm containing path /usr/local is under npm's control, in /usr/local
439 silly gentlyRm deletion target /usr/local/share/man/man1/npm-edit.1.1 is under /usr/local
440 verbose gentlyRm vacuuming from /usr/local/share/man/man1/npm-edit.1.1 up to /usr/local
441 silly gentlyRm containing path /usr/local is under npm's control, in /usr/local
442 silly gentlyRm deletion target /usr/local/share/man/man1/npm-explore.1.1 is under /usr/local
443 verbose gentlyRm vacuuming from /usr/local/share/man/man1/npm-explore.1.1 up to /usr/local
444 silly gentlyRm containing path /usr/local is under npm's control, in /usr/local
445 silly gentlyRm deletion target /usr/local/share/man/man1/npm-help-search.1.1 is under /usr/local
446 verbose gentlyRm vacuuming from /usr/local/share/man/man1/npm-help-search.1.1 up to /usr/local
447 silly gentlyRm containing path /usr/local is under npm's control, in /usr/local
448 silly gentlyRm deletion target /usr/local/share/man/man1/npm-help.1.1 is under /usr/local
449 verbose gentlyRm vacuuming from /usr/local/share/man/man1/npm-help.1.1 up to /usr/local
450 silly gentlyRm containing path /usr/local is under npm's control, in /usr/local
451 silly gentlyRm deletion target /usr/local/share/man/man1/npm-init.1.1 is under /usr/local
452 verbose gentlyRm vacuuming from /usr/local/share/man/man1/npm-init.1.1 up to /usr/local
453 silly gentlyRm containing path /usr/local is under npm's control, in /usr/local
454 silly gentlyRm deletion target /usr/local/share/man/man1/npm-install.1.1 is under /usr/local
455 verbose gentlyRm vacuuming from /usr/local/share/man/man1/npm-install.1.1 up to /usr/local
456 silly gentlyRm containing path /usr/local is under npm's control, in /usr/local
457 silly gentlyRm deletion target /usr/local/share/man/man1/npm-link.1.1 is under /usr/local
458 verbose gentlyRm vacuuming from /usr/local/share/man/man1/npm-link.1.1 up to /usr/local
459 silly gentlyRm containing path /usr/local is under npm's control, in /usr/local
460 silly gentlyRm deletion target /usr/local/share/man/man1/npm-logout.1.1 is under /usr/local
461 verbose gentlyRm vacuuming from /usr/local/share/man/man1/npm-logout.1.1 up to /usr/local
462 silly gentlyRm containing path /usr/local is under npm's control, in /usr/local
463 silly gentlyRm deletion target /usr/local/share/man/man1/npm-ls.1.1 is under /usr/local
464 verbose gentlyRm vacuuming from /usr/local/share/man/man1/npm-ls.1.1 up to /usr/local
465 silly gentlyRm containing path /usr/local is under npm's control, in /usr/local
466 silly gentlyRm deletion target /usr/local/share/man/man1/npm-outdated.1.1 is under /usr/local
467 verbose gentlyRm vacuuming from /usr/local/share/man/man1/npm-outdated.1.1 up to /usr/local
468 silly gentlyRm containing path /usr/local is under npm's control, in /usr/local
469 silly gentlyRm deletion target /usr/local/share/man/man1/npm-owner.1.1 is under /usr/local
470 verbose gentlyRm vacuuming from /usr/local/share/man/man1/npm-owner.1.1 up to /usr/local
471 silly gentlyRm containing path /usr/local is under npm's control, in /usr/local
472 silly gentlyRm deletion target /usr/local/share/man/man1/npm-pack.1.1 is under /usr/local
473 verbose gentlyRm vacuuming from /usr/local/share/man/man1/npm-pack.1.1 up to /usr/local
474 silly gentlyRm containing path /usr/local is under npm's control, in /usr/local
475 silly gentlyRm deletion target /usr/local/share/man/man1/npm-ping.1.1 is under /usr/local
476 verbose gentlyRm vacuuming from /usr/local/share/man/man1/npm-ping.1.1 up to /usr/local
477 silly gentlyRm containing path /usr/local is under npm's control, in /usr/local
478 silly gentlyRm deletion target /usr/local/share/man/man1/npm-prefix.1.1 is under /usr/local
479 verbose gentlyRm vacuuming from /usr/local/share/man/man1/npm-prefix.1.1 up to /usr/local
480 silly gentlyRm containing path /usr/local is under npm's control, in /usr/local
481 silly gentlyRm deletion target /usr/local/share/man/man1/npm-prune.1.1 is under /usr/local
482 verbose gentlyRm vacuuming from /usr/local/share/man/man1/npm-prune.1.1 up to /usr/local
483 silly gentlyRm containing path /usr/local is under npm's control, in /usr/local
484 silly gentlyRm deletion target /usr/local/share/man/man1/npm-publish.1.1 is under /usr/local
485 verbose gentlyRm vacuuming from /usr/local/share/man/man1/npm-publish.1.1 up to /usr/local
486 silly gentlyRm containing path /usr/local is under npm's control, in /usr/local
487 silly gentlyRm deletion target /usr/local/share/man/man1/npm-README.1.1 is under /usr/local
488 verbose gentlyRm vacuuming from /usr/local/share/man/man1/npm-README.1.1 up to /usr/local
489 silly gentlyRm containing path /usr/local is under npm's control, in /usr/local
490 silly gentlyRm deletion target /usr/local/share/man/man1/npm-rebuild.1.1 is under /usr/local
491 verbose gentlyRm vacuuming from /usr/local/share/man/man1/npm-rebuild.1.1 up to /usr/local
492 silly gentlyRm containing path /usr/local is under npm's control, in /usr/local
493 silly gentlyRm deletion target /usr/local/share/man/man1/npm-repo.1.1 is under /usr/local
494 verbose gentlyRm vacuuming from /usr/local/share/man/man1/npm-repo.1.1 up to /usr/local
495 silly gentlyRm containing path /usr/local is under npm's control, in /usr/local
496 silly gentlyRm deletion target /usr/local/share/man/man1/npm-restart.1.1 is under /usr/local
497 verbose gentlyRm vacuuming from /usr/local/share/man/man1/npm-restart.1.1 up to /usr/local
498 silly gentlyRm containing path /usr/local is under npm's control, in /usr/local
499 silly gentlyRm deletion target /usr/local/share/man/man1/npm-rm.1.1 is under /usr/local
500 verbose gentlyRm vacuuming from /usr/local/share/man/man1/npm-rm.1.1 up to /usr/local
501 silly gentlyRm containing path /usr/local is under npm's control, in /usr/local
502 silly gentlyRm deletion target /usr/local/share/man/man1/npm-root.1.1 is under /usr/local
503 verbose gentlyRm vacuuming from /usr/local/share/man/man1/npm-root.1.1 up to /usr/local
504 silly gentlyRm containing path /usr/local is under npm's control, in /usr/local
505 silly gentlyRm deletion target /usr/local/share/man/man1/npm-run-script.1.1 is under /usr/local
506 verbose gentlyRm vacuuming from /usr/local/share/man/man1/npm-run-script.1.1 up to /usr/local
507 silly gentlyRm containing path /usr/local is under npm's control, in /usr/local
508 silly gentlyRm deletion target /usr/local/share/man/man1/npm-search.1.1 is under /usr/local
509 verbose gentlyRm vacuuming from /usr/local/share/man/man1/npm-search.1.1 up to /usr/local
510 silly gentlyRm containing path /usr/local is under npm's control, in /usr/local
511 silly gentlyRm deletion target /usr/local/share/man/man1/npm-shrinkwrap.1.1 is under /usr/local
512 verbose gentlyRm vacuuming from /usr/local/share/man/man1/npm-shrinkwrap.1.1 up to /usr/local
513 silly gentlyRm containing path /usr/local is under npm's control, in /usr/local
514 silly gentlyRm deletion target /usr/local/share/man/man1/npm-star.1.1 is under /usr/local
515 verbose gentlyRm vacuuming from /usr/local/share/man/man1/npm-star.1.1 up to /usr/local
516 silly gentlyRm containing path /usr/local is under npm's control, in /usr/local
517 silly gentlyRm deletion target /usr/local/share/man/man1/npm-stars.1.1 is under /usr/local
518 verbose gentlyRm vacuuming from /usr/local/share/man/man1/npm-stars.1.1 up to /usr/local
519 silly gentlyRm containing path /usr/local is under npm's control, in /usr/local
520 silly gentlyRm deletion target /usr/local/share/man/man1/npm-start.1.1 is under /usr/local
521 verbose gentlyRm vacuuming from /usr/local/share/man/man1/npm-start.1.1 up to /usr/local
522 silly gentlyRm containing path /usr/local is under npm's control, in /usr/local
523 silly gentlyRm deletion target /usr/local/share/man/man1/npm-stop.1.1 is under /usr/local
524 verbose gentlyRm vacuuming from /usr/local/share/man/man1/npm-stop.1.1 up to /usr/local
525 silly gentlyRm containing path /usr/local is under npm's control, in /usr/local
526 silly gentlyRm deletion target /usr/local/share/man/man1/npm-submodule.1.1 is under /usr/local
527 verbose gentlyRm vacuuming from /usr/local/share/man/man1/npm-submodule.1.1 up to /usr/local
528 silly gentlyRm containing path /usr/local is under npm's control, in /usr/local
529 silly gentlyRm deletion target /usr/local/share/man/man1/npm-tag.1.1 is under /usr/local
530 verbose gentlyRm vacuuming from /usr/local/share/man/man1/npm-tag.1.1 up to /usr/local
531 silly gentlyRm containing path /usr/local is under npm's control, in /usr/local
532 silly gentlyRm deletion target /usr/local/share/man/man1/npm-team.1.1 is under /usr/local
533 verbose gentlyRm vacuuming from /usr/local/share/man/man1/npm-team.1.1 up to /usr/local
534 silly gentlyRm containing path /usr/local is under npm's control, in /usr/local
535 silly gentlyRm deletion target /usr/local/share/man/man1/npm-test.1.1 is under /usr/local
536 verbose gentlyRm vacuuming from /usr/local/share/man/man1/npm-test.1.1 up to /usr/local
537 silly gentlyRm containing path /usr/local is under npm's control, in /usr/local
538 silly gentlyRm deletion target /usr/local/share/man/man1/npm-uninstall.1.1 is under /usr/local
539 verbose gentlyRm vacuuming from /usr/local/share/man/man1/npm-uninstall.1.1 up to /usr/local
540 silly gentlyRm containing path /usr/local is under npm's control, in /usr/local
541 silly gentlyRm deletion target /usr/local/share/man/man1/npm-unpublish.1.1 is under /usr/local
542 verbose gentlyRm vacuuming from /usr/local/share/man/man1/npm-unpublish.1.1 up to /usr/local
543 silly gentlyRm containing path /usr/local is under npm's control, in /usr/local
544 silly gentlyRm deletion target /usr/local/share/man/man1/npm-update.1.1 is under /usr/local
545 verbose gentlyRm vacuuming from /usr/local/share/man/man1/npm-update.1.1 up to /usr/local
546 silly gentlyRm containing path /usr/local is under npm's control, in /usr/local
547 silly gentlyRm deletion target /usr/local/share/man/man1/npm-version.1.1 is under /usr/local
548 verbose gentlyRm vacuuming from /usr/local/share/man/man1/npm-version.1.1 up to /usr/local
549 silly gentlyRm containing path /usr/local is under npm's control, in /usr/local
550 silly gentlyRm deletion target /usr/local/share/man/man1/npm-view.1.1 is under /usr/local
551 verbose gentlyRm vacuuming from /usr/local/share/man/man1/npm-view.1.1 up to /usr/local
552 silly gentlyRm containing path /usr/local is under npm's control, in /usr/local
553 silly gentlyRm deletion target /usr/local/share/man/man1/npm-whoami.1.1 is under /usr/local
554 verbose gentlyRm vacuuming from /usr/local/share/man/man1/npm-whoami.1.1 up to /usr/local
555 silly gentlyRm containing path /usr/local is under npm's control, in /usr/local
556 silly gentlyRm deletion target /usr/local/share/man/man1/npm.1.1 is under /usr/local
557 verbose gentlyRm vacuuming from /usr/local/share/man/man1/npm.1.1 up to /usr/local
558 silly gentlyRm containing path /usr/local is under npm's control, in /usr/local
559 silly gentlyRm deletion target /usr/local/share/man/man3/npm-bin.3.3 is under /usr/local
560 verbose gentlyRm vacuuming from /usr/local/share/man/man3/npm-bin.3.3 up to /usr/local
561 silly gentlyRm containing path /usr/local is under npm's control, in /usr/local
562 silly gentlyRm deletion target /usr/local/share/man/man3/npm-bugs.3.3 is under /usr/local
563 verbose gentlyRm vacuuming from /usr/local/share/man/man3/npm-bugs.3.3 up to /usr/local
564 silly gentlyRm containing path /usr/local is under npm's control, in /usr/local
565 silly gentlyRm deletion target /usr/local/share/man/man3/npm-cache.3.3 is under /usr/local
566 verbose gentlyRm vacuuming from /usr/local/share/man/man3/npm-cache.3.3 up to /usr/local
567 silly gentlyRm containing path /usr/local is under npm's control, in /usr/local
568 silly gentlyRm deletion target /usr/local/share/man/man3/npm-commands.3.3 is under /usr/local
569 verbose gentlyRm vacuuming from /usr/local/share/man/man3/npm-commands.3.3 up to /usr/local
570 silly gentlyRm containing path /usr/local is under npm's control, in /usr/local
571 silly gentlyRm deletion target /usr/local/share/man/man3/npm-config.3.3 is under /usr/local
572 verbose gentlyRm vacuuming from /usr/local/share/man/man3/npm-config.3.3 up to /usr/local
573 silly gentlyRm containing path /usr/local is under npm's control, in /usr/local
574 silly gentlyRm deletion target /usr/local/share/man/man3/npm-deprecate.3.3 is under /usr/local
575 verbose gentlyRm vacuuming from /usr/local/share/man/man3/npm-deprecate.3.3 up to /usr/local
576 silly gentlyRm containing path /usr/local is under npm's control, in /usr/local
577 silly gentlyRm deletion target /usr/local/share/man/man3/npm-docs.3.3 is under /usr/local
578 verbose gentlyRm vacuuming from /usr/local/share/man/man3/npm-docs.3.3 up to /usr/local
579 silly gentlyRm containing path /usr/local is under npm's control, in /usr/local
580 silly gentlyRm deletion target /usr/local/share/man/man3/npm-edit.3.3 is under /usr/local
581 verbose gentlyRm vacuuming from /usr/local/share/man/man3/npm-edit.3.3 up to /usr/local
582 silly gentlyRm containing path /usr/local is under npm's control, in /usr/local
583 silly gentlyRm deletion target /usr/local/share/man/man3/npm-explore.3.3 is under /usr/local
584 verbose gentlyRm vacuuming from /usr/local/share/man/man3/npm-explore.3.3 up to /usr/local
585 silly gentlyRm containing path /usr/local is under npm's control, in /usr/local
586 silly gentlyRm deletion target /usr/local/share/man/man3/npm-help-search.3.3 is under /usr/local
587 verbose gentlyRm vacuuming from /usr/local/share/man/man3/npm-help-search.3.3 up to /usr/local
588 silly gentlyRm containing path /usr/local is under npm's control, in /usr/local
589 silly gentlyRm deletion target /usr/local/share/man/man3/npm-init.3.3 is under /usr/local
590 verbose gentlyRm vacuuming from /usr/local/share/man/man3/npm-init.3.3 up to /usr/local
591 silly gentlyRm containing path /usr/local is under npm's control, in /usr/local
592 silly gentlyRm deletion target /usr/local/share/man/man3/npm-install.3.3 is under /usr/local
593 verbose gentlyRm vacuuming from /usr/local/share/man/man3/npm-install.3.3 up to /usr/local
594 silly gentlyRm containing path /usr/local is under npm's control, in /usr/local
595 silly gentlyRm deletion target /usr/local/share/man/man3/npm-link.3.3 is under /usr/local
596 verbose gentlyRm vacuuming from /usr/local/share/man/man3/npm-link.3.3 up to /usr/local
597 silly gentlyRm containing path /usr/local is under npm's control, in /usr/local
598 silly gentlyRm deletion target /usr/local/share/man/man3/npm-load.3.3 is under /usr/local
599 verbose gentlyRm vacuuming from /usr/local/share/man/man3/npm-load.3.3 up to /usr/local
600 silly gentlyRm containing path /usr/local is under npm's control, in /usr/local
601 silly gentlyRm deletion target /usr/local/share/man/man3/npm-ls.3.3 is under /usr/local
602 verbose gentlyRm vacuuming from /usr/local/share/man/man3/npm-ls.3.3 up to /usr/local
603 silly gentlyRm containing path /usr/local is under npm's control, in /usr/local
604 silly gentlyRm deletion target /usr/local/share/man/man3/npm-outdated.3.3 is under /usr/local
605 verbose gentlyRm vacuuming from /usr/local/share/man/man3/npm-outdated.3.3 up to /usr/local
606 silly gentlyRm containing path /usr/local is under npm's control, in /usr/local
607 silly gentlyRm deletion target /usr/local/share/man/man3/npm-owner.3.3 is under /usr/local
608 verbose gentlyRm vacuuming from /usr/local/share/man/man3/npm-owner.3.3 up to /usr/local
609 silly gentlyRm containing path /usr/local is under npm's control, in /usr/local
610 silly gentlyRm deletion target /usr/local/share/man/man3/npm-pack.3.3 is under /usr/local
611 verbose gentlyRm vacuuming from /usr/local/share/man/man3/npm-pack.3.3 up to /usr/local
612 silly gentlyRm containing path /usr/local is under npm's control, in /usr/local
613 silly gentlyRm deletion target /usr/local/share/man/man3/npm-ping.3.3 is under /usr/local
614 verbose gentlyRm vacuuming from /usr/local/share/man/man3/npm-ping.3.3 up to /usr/local
615 silly gentlyRm containing path /usr/local is under npm's control, in /usr/local
616 silly gentlyRm deletion target /usr/local/share/man/man3/npm-prefix.3.3 is under /usr/local
617 verbose gentlyRm vacuuming from /usr/local/share/man/man3/npm-prefix.3.3 up to /usr/local
618 silly gentlyRm containing path /usr/local is under npm's control, in /usr/local
619 silly gentlyRm deletion target /usr/local/share/man/man3/npm-prune.3.3 is under /usr/local
620 verbose gentlyRm vacuuming from /usr/local/share/man/man3/npm-prune.3.3 up to /usr/local
621 silly gentlyRm containing path /usr/local is under npm's control, in /usr/local
622 silly gentlyRm deletion target /usr/local/share/man/man3/npm-publish.3.3 is under /usr/local
623 verbose gentlyRm vacuuming from /usr/local/share/man/man3/npm-publish.3.3 up to /usr/local
624 silly gentlyRm containing path /usr/local is under npm's control, in /usr/local
625 silly gentlyRm deletion target /usr/local/share/man/man3/npm-rebuild.3.3 is under /usr/local
626 verbose gentlyRm vacuuming from /usr/local/share/man/man3/npm-rebuild.3.3 up to /usr/local
627 silly gentlyRm containing path /usr/local is under npm's control, in /usr/local
628 silly gentlyRm deletion target /usr/local/share/man/man3/npm-repo.3.3 is under /usr/local
629 verbose gentlyRm vacuuming from /usr/local/share/man/man3/npm-repo.3.3 up to /usr/local
630 silly gentlyRm containing path /usr/local is under npm's control, in /usr/local
631 silly gentlyRm deletion target /usr/local/share/man/man3/npm-restart.3.3 is under /usr/local
632 verbose gentlyRm vacuuming from /usr/local/share/man/man3/npm-restart.3.3 up to /usr/local
633 silly gentlyRm containing path /usr/local is under npm's control, in /usr/local
634 silly gentlyRm deletion target /usr/local/share/man/man3/npm-root.3.3 is under /usr/local
635 verbose gentlyRm vacuuming from /usr/local/share/man/man3/npm-root.3.3 up to /usr/local
636 silly gentlyRm containing path /usr/local is under npm's control, in /usr/local
637 silly gentlyRm deletion target /usr/local/share/man/man3/npm-run-script.3.3 is under /usr/local
638 verbose gentlyRm vacuuming from /usr/local/share/man/man3/npm-run-script.3.3 up to /usr/local
639 silly gentlyRm containing path /usr/local is under npm's control, in /usr/local
640 silly gentlyRm deletion target /usr/local/share/man/man3/npm-search.3.3 is under /usr/local
641 verbose gentlyRm vacuuming from /usr/local/share/man/man3/npm-search.3.3 up to /usr/local
642 silly gentlyRm containing path /usr/local is under npm's control, in /usr/local
643 silly gentlyRm deletion target /usr/local/share/man/man3/npm-shrinkwrap.3.3 is under /usr/local
644 verbose gentlyRm vacuuming from /usr/local/share/man/man3/npm-shrinkwrap.3.3 up to /usr/local
645 silly gentlyRm containing path /usr/local is under npm's control, in /usr/local
646 silly gentlyRm deletion target /usr/local/share/man/man3/npm-start.3.3 is under /usr/local
647 verbose gentlyRm vacuuming from /usr/local/share/man/man3/npm-start.3.3 up to /usr/local
648 silly gentlyRm containing path /usr/local is under npm's control, in /usr/local
649 silly gentlyRm deletion target /usr/local/share/man/man3/npm-stop.3.3 is under /usr/local
650 verbose gentlyRm vacuuming from /usr/local/share/man/man3/npm-stop.3.3 up to /usr/local
651 silly gentlyRm containing path /usr/local is under npm's control, in /usr/local
652 silly gentlyRm deletion target /usr/local/share/man/man3/npm-submodule.3.3 is under /usr/local
653 verbose gentlyRm vacuuming from /usr/local/share/man/man3/npm-submodule.3.3 up to /usr/local
654 silly gentlyRm containing path /usr/local is under npm's control, in /usr/local
655 silly gentlyRm deletion target /usr/local/share/man/man3/npm-tag.3.3 is under /usr/local
656 verbose gentlyRm vacuuming from /usr/local/share/man/man3/npm-tag.3.3 up to /usr/local
657 silly gentlyRm containing path /usr/local is under npm's control, in /usr/local
658 silly gentlyRm deletion target /usr/local/share/man/man3/npm-test.3.3 is under /usr/local
659 verbose gentlyRm vacuuming from /usr/local/share/man/man3/npm-test.3.3 up to /usr/local
660 silly gentlyRm containing path /usr/local is under npm's control, in /usr/local
661 silly gentlyRm deletion target /usr/local/share/man/man3/npm-uninstall.3.3 is under /usr/local
662 verbose gentlyRm vacuuming from /usr/local/share/man/man3/npm-uninstall.3.3 up to /usr/local
663 silly gentlyRm containing path /usr/local is under npm's control, in /usr/local
664 silly gentlyRm deletion target /usr/local/share/man/man3/npm-unpublish.3.3 is under /usr/local
665 verbose gentlyRm vacuuming from /usr/local/share/man/man3/npm-unpublish.3.3 up to /usr/local
666 silly gentlyRm containing path /usr/local is under npm's control, in /usr/local
667 silly gentlyRm deletion target /usr/local/share/man/man3/npm-update.3.3 is under /usr/local
668 verbose gentlyRm vacuuming from /usr/local/share/man/man3/npm-update.3.3 up to /usr/local
669 silly gentlyRm containing path /usr/local is under npm's control, in /usr/local
670 silly gentlyRm deletion target /usr/local/share/man/man3/npm-version.3.3 is under /usr/local
671 verbose gentlyRm vacuuming from /usr/local/share/man/man3/npm-version.3.3 up to /usr/local
672 silly gentlyRm containing path /usr/local is under npm's control, in /usr/local
673 silly gentlyRm deletion target /usr/local/share/man/man3/npm-view.3.3 is under /usr/local
674 verbose gentlyRm vacuuming from /usr/local/share/man/man3/npm-view.3.3 up to /usr/local
675 silly gentlyRm containing path /usr/local is under npm's control, in /usr/local
676 silly gentlyRm deletion target /usr/local/share/man/man3/npm-whoami.3.3 is under /usr/local
677 verbose gentlyRm vacuuming from /usr/local/share/man/man3/npm-whoami.3.3 up to /usr/local
678 silly gentlyRm containing path /usr/local is under npm's control, in /usr/local
679 silly gentlyRm deletion target /usr/local/share/man/man3/npm.3.3 is under /usr/local
680 verbose gentlyRm vacuuming from /usr/local/share/man/man3/npm.3.3 up to /usr/local
681 silly gentlyRm containing path /usr/local is under npm's control, in /usr/local
682 silly gentlyRm deletion target /usr/local/share/man/man5/npm-folders.5.5 is under /usr/local
683 verbose gentlyRm vacuuming from /usr/local/share/man/man5/npm-folders.5.5 up to /usr/local
684 silly gentlyRm containing path /usr/local is under npm's control, in /usr/local
685 silly gentlyRm deletion target /usr/local/share/man/man5/npm-global.5.5 is under /usr/local
686 verbose gentlyRm vacuuming from /usr/local/share/man/man5/npm-global.5.5 up to /usr/local
687 silly gentlyRm containing path /usr/local is under npm's control, in /usr/local
688 silly gentlyRm deletion target /usr/local/share/man/man5/npm-json.5.5 is under /usr/local
689 verbose gentlyRm vacuuming from /usr/local/share/man/man5/npm-json.5.5 up to /usr/local
690 silly gentlyRm containing path /usr/local is under npm's control, in /usr/local
691 silly gentlyRm deletion target /usr/local/share/man/man5/npmrc.5.5 is under /usr/local
692 verbose gentlyRm vacuuming from /usr/local/share/man/man5/npmrc.5.5 up to /usr/local
693 silly gentlyRm containing path /usr/local is under npm's control, in /usr/local
694 silly gentlyRm deletion target /usr/local/share/man/man5/npm-package.json.5.5 is under /usr/local
695 verbose gentlyRm vacuuming from /usr/local/share/man/man5/npm-package.json.5.5 up to /usr/local
696 silly gentlyRm containing path /usr/local is under npm's control, in /usr/local
697 silly gentlyRm deletion target /usr/local/share/man/man7/npm-coding-style.7.7 is under /usr/local
698 verbose gentlyRm vacuuming from /usr/local/share/man/man7/npm-coding-style.7.7 up to /usr/local
699 silly gentlyRm containing path /usr/local is under npm's control, in /usr/local
700 silly gentlyRm deletion target /usr/local/share/man/man7/npm-config.7.7 is under /usr/local
701 verbose gentlyRm vacuuming from /usr/local/share/man/man7/npm-config.7.7 up to /usr/local
702 silly gentlyRm containing path /usr/local is under npm's control, in /usr/local
703 silly gentlyRm deletion target /usr/local/share/man/man7/npm-developers.7.7 is under /usr/local
704 verbose gentlyRm vacuuming from /usr/local/share/man/man7/npm-developers.7.7 up to /usr/local
705 silly gentlyRm containing path /usr/local is under npm's control, in /usr/local
706 silly gentlyRm deletion target /usr/local/share/man/man7/npm-disputes.7.7 is under /usr/local
707 verbose gentlyRm vacuuming from /usr/local/share/man/man7/npm-disputes.7.7 up to /usr/local
708 silly gentlyRm containing path /usr/local is under npm's control, in /usr/local
709 silly gentlyRm deletion target /usr/local/share/man/man7/npm-faq.7.7 is under /usr/local
710 verbose gentlyRm vacuuming from /usr/local/share/man/man7/npm-faq.7.7 up to /usr/local
711 silly gentlyRm containing path /usr/local is under npm's control, in /usr/local
712 silly gentlyRm deletion target /usr/local/share/man/man7/npm-index.7.7 is under /usr/local
713 verbose gentlyRm vacuuming from /usr/local/share/man/man7/npm-index.7.7 up to /usr/local
714 silly gentlyRm containing path /usr/local is under npm's control, in /usr/local
715 silly gentlyRm deletion target /usr/local/share/man/man7/npm-orgs.7.7 is under /usr/local
716 verbose gentlyRm vacuuming from /usr/local/share/man/man7/npm-orgs.7.7 up to /usr/local
717 silly gentlyRm containing path /usr/local is under npm's control, in /usr/local
718 silly gentlyRm deletion target /usr/local/share/man/man7/npm-registry.7.7 is under /usr/local
719 verbose gentlyRm vacuuming from /usr/local/share/man/man7/npm-registry.7.7 up to /usr/local
720 silly gentlyRm containing path /usr/local is under npm's control, in /usr/local
721 silly gentlyRm deletion target /usr/local/share/man/man7/npm-scope.7.7 is under /usr/local
722 verbose gentlyRm vacuuming from /usr/local/share/man/man7/npm-scope.7.7 up to /usr/local
723 silly gentlyRm containing path /usr/local is under npm's control, in /usr/local
724 silly gentlyRm deletion target /usr/local/share/man/man7/npm-scripts.7.7 is under /usr/local
725 verbose gentlyRm vacuuming from /usr/local/share/man/man7/npm-scripts.7.7 up to /usr/local
726 silly gentlyRm containing path /usr/local is under npm's control, in /usr/local
727 silly gentlyRm deletion target /usr/local/share/man/man7/npm-removing-npm.7.7 is under /usr/local
728 verbose gentlyRm vacuuming from /usr/local/share/man/man7/npm-removing-npm.7.7 up to /usr/local
729 silly gentlyRm containing path /usr/local is under npm's control, in /usr/local
730 silly gentlyRm deletion target /usr/local/share/man/man7/npm-semver.7.7 is under /usr/local
731 verbose gentlyRm vacuuming from /usr/local/share/man/man7/npm-semver.7.7 up to /usr/local
732 silly vacuum-fs removing /usr/local/bin/npm
733 silly vacuum-fs quitting because other entries in /usr/local/bin
734 info postuninstall npm@2.15.11
735 silly gentlyRm /usr/local/lib/node_modules/npm is being purged from base /usr/local
736 verbose gentlyRm don't care about contents; nuking /usr/local/lib/node_modules/npm
737 silly vacuum-fs purging /usr/local/lib/node_modules/npm
738 verbose unlock done using /Users/carolynremmler/.npm/_locks/npm-8bd9e7c51388758c.lock for /usr/local/lib/node_modules/npm
739 verbose stack Error: EACCES: permission denied, unlink '/usr/local/lib/node_modules/npm/node_modules/ansi-regex/index.js'
739 verbose stack     at Error (native)
740 verbose cwd /Users/carolynremmler/dev/walter-repo/generative-design/foodfight
741 error Darwin 16.3.0
742 error argv "/usr/local/Cellar/node/7.5.0/bin/node" "/usr/local/bin/npm" "install" "npm@1.4.21" "-g"
743 error node v4.7.2
744 error npm  v2.15.11
745 error path /usr/local/lib/node_modules/npm/node_modules/ansi-regex/index.js
746 error code EACCES
747 error errno -13
748 error syscall unlink
749 error Error: EACCES: permission denied, unlink '/usr/local/lib/node_modules/npm/node_modules/ansi-regex/index.js'
749 error     at Error (native)
749 error  { [Error: EACCES: permission denied, unlink '/usr/local/lib/node_modules/npm/node_modules/ansi-regex/index.js']
749 error   errno: -13,
749 error   code: 'EACCES',
749 error   syscall: 'unlink',
749 error   path: '/usr/local/lib/node_modules/npm/node_modules/ansi-regex/index.js' }
750 error Please try running this command again as root/Administrator.
751 verbose exit [ -13, true ]
752 verbose unbuild lib/node_modules/npm
753 silly gentlyRm /usr/local/lib/node_modules/npm is being purged from base /usr/local
754 verbose gentlyRm don't care about contents; nuking /usr/local/lib/node_modules/npm
755 silly vacuum-fs purging /usr/local/lib/node_modules/npm
756 error error rolling back Error: EACCES: permission denied, unlink '/usr/local/lib/node_modules/npm/node_modules/ansi-regex/index.js'
756 error error rolling back     at Error (native)
756 error error rolling back  { [Error: EACCES: permission denied, unlink '/usr/local/lib/node_modules/npm/node_modules/ansi-regex/index.js']
756 error error rolling back   errno: -13,
756 error error rolling back   code: 'EACCES',
756 error error rolling back   syscall: 'unlink',
756 error error rolling back   path: '/usr/local/lib/node_modules/npm/node_modules/ansi-regex/index.js' }
